<!DOCTYPE html PUBLIC "-//W3C//DTD XHTML 1.1//EN" "http://www.w3.org/TR/xhtml11/DTD/xhtml11.dtd">
<html xmlns="http://www.w3.org/1999/xhtml"><head><title>TestNG Report</title><style type="text/css">table {margin-bottom:10px;border-collapse:collapse;empty-cells:show}th,td {border:1px solid #009;padding:.25em .5em}th {vertical-align:bottom}td {vertical-align:top}table a {font-weight:bold}.stripe td {background-color: #E6EBF9}.num {text-align:right}.passedodd td {background-color: #3F3}.passedeven td {background-color: #0A0}.skippedodd td {background-color: #DDD}.skippedeven td {background-color: #CCC}.failedodd td,.attn {background-color: #F33}.failedeven td,.stripe .attn {background-color: #D00}.stacktrace {white-space:pre;font-family:monospace}.totop {font-size:85%;text-align:center;border-bottom:2px solid #000}</style></head><body><table><tr><th>Test</th><th># Passed</th><th># Skipped</th><th># Failed</th><th>Time (ms)</th><th>Included Groups</th><th>Excluded Groups</th></tr><tr><th colspan="7">PCS_Test_Suite</th></tr><tr><td><a href="#t0">UI_Login_Test</a></td><td class="num">5</td><td class="num">0</td><td class="num attn">3</td><td class="num">92,539</td><td></td><td></td></tr><tr class="stripe"><td><a href="#t1">API_Test</a></td><td class="num">6</td><td class="num">0</td><td class="num attn">2</td><td class="num">6,968</td><td></td><td></td></tr><tr><th>Total</th><th class="num">11</th><th class="num">0</th><th class="num attn">5</th><th class="num">99,507</th><th colspan="2"></th></tr></table><table><thead><tr><th>Class</th><th>Method</th><th>Start</th><th>Time (ms)</th></tr></thead><tbody><tr><th colspan="4">PCS_Test_Suite</th></tr></tbody><tbody id="t0"><tr><th colspan="4">UI_Login_Test &#8212; failed</th></tr><tr class="failedeven"><td rowspan="3">pcs.pom.testSuites.Login_TestSuite</td><td><a href="#m0">Login_Test</a></td><td rowspan="3">1507773961265</td><td rowspan="3">4976</td></tr><tr class="failedeven"><td><a href="#m1">Login_Test</a></td></tr><tr class="failedeven"><td><a href="#m2">Login_Test</a></td></tr><tr><th colspan="4">UI_Login_Test &#8212; passed</th></tr><tr class="passedeven"><td rowspan="5">pcs.pom.testSuites.Login_TestSuite</td><td><a href="#m3">Login_Test</a></td><td rowspan="5">1507773939849</td><td rowspan="5">5506</td></tr><tr class="passedeven"><td><a href="#m4">Login_Test</a></td></tr><tr class="passedeven"><td><a href="#m5">Login_Test</a></td></tr><tr class="passedeven"><td><a href="#m6">Login_Test</a></td></tr><tr class="passedeven"><td><a href="#m7">Login_Test</a></td></tr></tbody><tbody id="t1"><tr><th colspan="4">API_Test &#8212; failed</th></tr><tr class="failedeven"><td rowspan="2">pcs.api.Api_Param</td><td><a href="#m8">Get_With_Param</a></td><td rowspan="2">1507773994049</td><td rowspan="2">229</td></tr><tr class="failedeven"><td><a href="#m9">Get_With_Param</a></td></tr><tr><th colspan="4">API_Test &#8212; passed</th></tr><tr class="passedeven"><td rowspan="6">pcs.api.Api_Param</td><td><a href="#m10">GetMethod_No_Params</a></td><td rowspan="1">1507773988411</td><td rowspan="1">3902</td></tr><tr class="passedeven"><td><a href="#m11">Get_With_Param</a></td><td rowspan="5">1507773992316</td><td rowspan="5">697</td></tr><tr class="passedeven"><td><a href="#m12">Get_With_Param</a></td></tr><tr class="passedeven"><td><a href="#m13">Get_With_Param</a></td></tr><tr class="passedeven"><td><a href="#m14">Get_With_Param</a></td></tr><tr class="passedeven"><td><a href="#m15">Get_With_Param</a></td></tr></tbody></table><h2>UI_Login_Test</h2><h3 id="m0">pcs.pom.testSuites.Login_TestSuite#Login_Test</h3><table class="result"><tr class="param"><th>Parameter #1</th><th>Parameter #2</th><th>Parameter #3</th></tr><tr class="param stripe"><td>null</td><td>null</td><td>Please provide a valid password (6-32 chars)</td></tr><tr><th colspan="3">Exception</th></tr><tr><td colspan="3"><div class="stacktrace">java.lang.AssertionError: The following asserts failed:
	Failed expected [Please provide a valid password (6-32 chars)] but found [wrong credentials/password]
	at pcs.pom.testSuites.Login_TestSuite.Login_Test(Login_TestSuite.java:112)
... Removed 25 stack frames</div></td></tr></table><p class="totop"><a href="#summary">back to summary</a></p><h3 id="m1">pcs.pom.testSuites.Login_TestSuite#Login_Test</h3><table class="result"><tr class="param"><th>Parameter #1</th><th>Parameter #2</th><th>Parameter #3</th></tr><tr class="param stripe"><td></td><td></td><td>Please provide a valid password (6-32 chars)</td></tr><tr><th colspan="3">Exception</th></tr><tr><td colspan="3"><div class="stacktrace">org.openqa.selenium.NoSuchElementException: no such element: Unable to locate element: {&quot;method&quot;:&quot;xpath&quot;,&quot;selector&quot;:&quot;//div[@class=&apos;login-input-box error&apos;]//p[@class=&apos;error&apos;]&quot;}
  (Session info: chrome=61.0.3163.100)
  (Driver info: chromedriver=2.29.461591 (62ebf098771772160f391d75e589dc567915b233),platform=Windows NT 10.0.15063 x86_64) (WARNING: The server did not provide any stacktrace information)
Command duration or timeout: 14.03 seconds
For documentation on this error, please visit: http://seleniumhq.org/exceptions/no_such_element.html
Build info: version: &apos;3.4.0&apos;, revision: &apos;unknown&apos;, time: &apos;unknown&apos;
System info: host: &apos;DESKTOP-0OUENT3&apos;, ip: &apos;192.168.65.2&apos;, os.name: &apos;Windows 10&apos;, os.arch: &apos;x86&apos;, os.version: &apos;10.0&apos;, java.version: &apos;1.8.0_144&apos;
Driver info: org.openqa.selenium.chrome.ChromeDriver
Capabilities [{applicationCacheEnabled=false, rotatable=false, mobileEmulationEnabled=false, networkConnectionEnabled=false, chrome={chromedriverVersion=2.29.461591 (62ebf098771772160f391d75e589dc567915b233), userDataDir=C:\Users\User\AppData\Local\Temp\scoped_dir11080_8054}, takesHeapSnapshot=true, pageLoadStrategy=normal, databaseEnabled=false, handlesAlerts=true, hasTouchScreen=false, version=61.0.3163.100, platform=XP, browserConnectionEnabled=false, nativeEvents=true, acceptSslCerts=true, locationContextEnabled=true, webStorageEnabled=true, browserName=chrome, takesScreenshot=true, javascriptEnabled=true, cssSelectorsEnabled=true, unexpectedAlertBehaviour=}]
Session ID: f425aad159ddf8fe37ace86da904a0d3
*** Element info: {Using=xpath, value=//div[@class=&apos;login-input-box error&apos;]//p[@class=&apos;error&apos;]}
	at org.openqa.selenium.remote.ErrorHandler.createThrowable(ErrorHandler.java:215)
	at org.openqa.selenium.remote.ErrorHandler.throwIfResponseFailed(ErrorHandler.java:167)
	at org.openqa.selenium.remote.RemoteWebDriver.execute(RemoteWebDriver.java:671)
	at org.openqa.selenium.remote.RemoteWebDriver.findElement(RemoteWebDriver.java:410)
	at org.openqa.selenium.remote.RemoteWebDriver.findElementByXPath(RemoteWebDriver.java:509)
	at org.openqa.selenium.By$ByXPath.findElement(By.java:361)
	at org.openqa.selenium.remote.RemoteWebDriver.findElement(RemoteWebDriver.java:402)
	at org.openqa.selenium.support.pagefactory.DefaultElementLocator.findElement(DefaultElementLocator.java:69)
	at org.openqa.selenium.support.pagefactory.internal.LocatingElementHandler.invoke(LocatingElementHandler.java:38)
	at com.sun.proxy.$Proxy9.isDisplayed(Unknown Source)
	at pcs.pom.gui.Login_POM.LogIn_Test(Login_POM.java:78)
	at pcs.pom.testSuites.Login_TestSuite.Login_Test(Login_TestSuite.java:108)
... Removed 28 stack frames</div></td></tr></table><p class="totop"><a href="#summary">back to summary</a></p><h3 id="m2">pcs.pom.testSuites.Login_TestSuite#Login_Test</h3><table class="result"><tr class="param"><th>Parameter #1</th><th>Parameter #2</th><th>Parameter #3</th></tr><tr class="param stripe"><td>vikasgarg.mgl@gmail.com</td><td>master1</td><td>Vikas Kumar</td></tr><tr><th colspan="3">Exception</th></tr><tr><td colspan="3"><div class="stacktrace">org.openqa.selenium.NoSuchElementException: no such element: Unable to locate element: {&quot;method&quot;:&quot;xpath&quot;,&quot;selector&quot;:&quot;(//div[@class=&apos;mian-field-box&apos;]/p)[1]&quot;}
  (Session info: chrome=61.0.3163.100)
  (Driver info: chromedriver=2.29.461591 (62ebf098771772160f391d75e589dc567915b233),platform=Windows NT 10.0.15063 x86_64) (WARNING: The server did not provide any stacktrace information)
Command duration or timeout: 14.04 seconds
For documentation on this error, please visit: http://seleniumhq.org/exceptions/no_such_element.html
Build info: version: &apos;3.4.0&apos;, revision: &apos;unknown&apos;, time: &apos;unknown&apos;
System info: host: &apos;DESKTOP-0OUENT3&apos;, ip: &apos;192.168.65.2&apos;, os.name: &apos;Windows 10&apos;, os.arch: &apos;x86&apos;, os.version: &apos;10.0&apos;, java.version: &apos;1.8.0_144&apos;
Driver info: org.openqa.selenium.chrome.ChromeDriver
Capabilities [{applicationCacheEnabled=false, rotatable=false, mobileEmulationEnabled=false, networkConnectionEnabled=false, chrome={chromedriverVersion=2.29.461591 (62ebf098771772160f391d75e589dc567915b233), userDataDir=C:\Users\User\AppData\Local\Temp\scoped_dir11080_8054}, takesHeapSnapshot=true, pageLoadStrategy=normal, databaseEnabled=false, handlesAlerts=true, hasTouchScreen=false, version=61.0.3163.100, platform=XP, browserConnectionEnabled=false, nativeEvents=true, acceptSslCerts=true, locationContextEnabled=true, webStorageEnabled=true, browserName=chrome, takesScreenshot=true, javascriptEnabled=true, cssSelectorsEnabled=true, unexpectedAlertBehaviour=}]
Session ID: f425aad159ddf8fe37ace86da904a0d3
*** Element info: {Using=xpath, value=(//div[@class=&apos;mian-field-box&apos;]/p)[1]}
	at org.openqa.selenium.remote.ErrorHandler.createThrowable(ErrorHandler.java:215)
	at org.openqa.selenium.remote.ErrorHandler.throwIfResponseFailed(ErrorHandler.java:167)
	at org.openqa.selenium.remote.RemoteWebDriver.execute(RemoteWebDriver.java:671)
	at org.openqa.selenium.remote.RemoteWebDriver.findElement(RemoteWebDriver.java:410)
	at org.openqa.selenium.remote.RemoteWebDriver.findElementByXPath(RemoteWebDriver.java:509)
	at org.openqa.selenium.By$ByXPath.findElement(By.java:361)
	at org.openqa.selenium.remote.RemoteWebDriver.findElement(RemoteWebDriver.java:402)
	at org.openqa.selenium.support.pagefactory.DefaultElementLocator.findElement(DefaultElementLocator.java:69)
	at org.openqa.selenium.support.pagefactory.internal.LocatingElementHandler.invoke(LocatingElementHandler.java:38)
	at com.sun.proxy.$Proxy9.isDisplayed(Unknown Source)
	at pcs.pom.gui.Login_POM.LogIn_Test(Login_POM.java:75)
	at pcs.pom.testSuites.Login_TestSuite.Login_Test(Login_TestSuite.java:108)
... Removed 28 stack frames</div></td></tr></table><p class="totop"><a href="#summary">back to summary</a></p><h3 id="m3">pcs.pom.testSuites.Login_TestSuite#Login_Test</h3><table class="result"><tr class="param"><th>Parameter #1</th><th>Parameter #2</th><th>Parameter #3</th></tr><tr class="param stripe"><td>testuser_2@gmail.com</td><td>Tes</td><td>wrong credentials/password</td></tr></table><p class="totop"><a href="#summary">back to summary</a></p><h3 id="m4">pcs.pom.testSuites.Login_TestSuite#Login_Test</h3><table class="result"><tr class="param"><th>Parameter #1</th><th>Parameter #2</th><th>Parameter #3</th></tr><tr class="param stripe"><td>---</td><td>master</td><td>wrong credentials/password</td></tr></table><p class="totop"><a href="#summary">back to summary</a></p><h3 id="m5">pcs.pom.testSuites.Login_TestSuite#Login_Test</h3><table class="result"><tr class="param"><th>Parameter #1</th><th>Parameter #2</th><th>Parameter #3</th></tr><tr class="param stripe"><td>***</td><td>master</td><td>wrong credentials/password</td></tr></table><p class="totop"><a href="#summary">back to summary</a></p><h3 id="m6">pcs.pom.testSuites.Login_TestSuite#Login_Test</h3><table class="result"><tr class="param"><th>Parameter #1</th><th>Parameter #2</th><th>Parameter #3</th></tr><tr class="param stripe"><td>testuser_1@gmail.com</td><td>master</td><td>wrong credentials/password</td></tr></table><p class="totop"><a href="#summary">back to summary</a></p><h3 id="m7">pcs.pom.testSuites.Login_TestSuite#Login_Test</h3><table class="result"><tr class="param"><th>Parameter #1</th><th>Parameter #2</th><th>Parameter #3</th></tr><tr class="param stripe"><td>testuser_3@</td><td>Tes</td><td>wrong credentials/password</td></tr></table><p class="totop"><a href="#summary">back to summary</a></p><h2>API_Test</h2><h3 id="m8">pcs.api.Api_Param#Get_With_Param</h3><table class="result"><tr class="param"><th>Parameter #1</th><th>Parameter #2</th><th>Parameter #3</th><th>Parameter #4</th><th>Parameter #5</th><th>Parameter #6</th><th>Parameter #7</th><th>Parameter #8</th><th>Parameter #9</th></tr><tr class="param stripe"><td></td><td></td><td>y</td><td> </td><td></td><td></td><td></td><td></td><td>400</td></tr><tr><th colspan="9">Exception</th></tr><tr><td colspan="9"><div class="stacktrace">java.lang.NoSuchMethodError: org.hamcrest.Matcher.describeMismatch(Ljava/lang/Object;Lorg/hamcrest/Description;)V
	at io.restassured.internal.util.MatcherErrorMessageBuilder.buildError(MatcherErrorMessageBuilder.java:19)
	at io.restassured.internal.util.MatcherErrorMessageBuilder$buildError.call(Unknown Source)
	at io.restassured.internal.ResponseSpecificationImpl$HamcrestAssertionClosure.validateStatusCodeAndStatusLine(ResponseSpecificationImpl.groovy:536)
	at org.codehaus.groovy.runtime.callsite.PogoMetaMethodSite$PogoCachedMethodSiteNoUnwrapNoCoerce.invoke(PogoMetaMethodSite.java:210)
	at org.codehaus.groovy.runtime.callsite.PogoMetaMethodSite.callCurrent(PogoMetaMethodSite.java:59)
	at org.codehaus.groovy.runtime.callsite.AbstractCallSite.callCurrent(AbstractCallSite.java:166)
	at io.restassured.internal.ResponseSpecificationImpl$HamcrestAssertionClosure.validate(ResponseSpecificationImpl.groovy:449)
	at io.restassured.internal.ResponseSpecificationImpl$HamcrestAssertionClosure$validate$1.call(Unknown Source)
	at io.restassured.internal.ResponseSpecificationImpl.validateResponseIfRequired(ResponseSpecificationImpl.groovy:643)
	at org.codehaus.groovy.runtime.callsite.PogoMetaMethodSite$PogoCachedMethodSiteNoUnwrapNoCoerce.invoke(PogoMetaMethodSite.java:210)
	at org.codehaus.groovy.runtime.callsite.PogoMetaMethodSite.callCurrent(PogoMetaMethodSite.java:59)
	at org.codehaus.groovy.runtime.callsite.AbstractCallSite.callCurrent(AbstractCallSite.java:166)
	at io.restassured.internal.ResponseSpecificationImpl.statusCode(ResponseSpecificationImpl.groovy:122)
	at io.restassured.specification.ResponseSpecification$statusCode$0.callCurrent(Unknown Source)
	at io.restassured.internal.ResponseSpecificationImpl.statusCode(ResponseSpecificationImpl.groovy:130)
	at io.restassured.internal.ValidatableResponseOptionsImpl.statusCode(ValidatableResponseOptionsImpl.java:117)
	at pcs.api.Api_Param.Get_With_Param(Api_Param.java:124)
... Removed 32 stack frames</div></td></tr></table><p class="totop"><a href="#summary">back to summary</a></p><h3 id="m9">pcs.api.Api_Param#Get_With_Param</h3><table class="result"><tr class="param"><th>Parameter #1</th><th>Parameter #2</th><th>Parameter #3</th><th>Parameter #4</th><th>Parameter #5</th><th>Parameter #6</th><th>Parameter #7</th><th>Parameter #8</th><th>Parameter #9</th></tr><tr class="param stripe"><td></td><td></td><td></td><td> </td><td></td><td></td><td></td><td></td><td>400</td></tr><tr><th colspan="9">Exception</th></tr><tr><td colspan="9"><div class="stacktrace">java.lang.NoSuchMethodError: org.hamcrest.Matcher.describeMismatch(Ljava/lang/Object;Lorg/hamcrest/Description;)V
	at io.restassured.internal.util.MatcherErrorMessageBuilder.buildError(MatcherErrorMessageBuilder.java:19)
	at io.restassured.internal.util.MatcherErrorMessageBuilder$buildError.call(Unknown Source)
	at org.codehaus.groovy.runtime.callsite.CallSiteArray.defaultCall(CallSiteArray.java:48)
	at org.codehaus.groovy.runtime.callsite.AbstractCallSite.call(AbstractCallSite.java:113)
	at org.codehaus.groovy.runtime.callsite.AbstractCallSite.call(AbstractCallSite.java:133)
	at io.restassured.internal.ResponseSpecificationImpl$HamcrestAssertionClosure.validateStatusCodeAndStatusLine(ResponseSpecificationImpl.groovy:536)
	at org.codehaus.groovy.runtime.callsite.PogoMetaMethodSite$PogoCachedMethodSiteNoUnwrapNoCoerce.invoke(PogoMetaMethodSite.java:210)
	at org.codehaus.groovy.runtime.callsite.PogoMetaMethodSite.callCurrent(PogoMetaMethodSite.java:59)
	at org.codehaus.groovy.runtime.callsite.AbstractCallSite.callCurrent(AbstractCallSite.java:166)
	at io.restassured.internal.ResponseSpecificationImpl$HamcrestAssertionClosure.validate(ResponseSpecificationImpl.groovy:449)
	at io.restassured.internal.ResponseSpecificationImpl$HamcrestAssertionClosure$validate$1.call(Unknown Source)
	at io.restassured.internal.ResponseSpecificationImpl.validateResponseIfRequired(ResponseSpecificationImpl.groovy:643)
	at org.codehaus.groovy.runtime.callsite.PogoMetaMethodSite$PogoCachedMethodSiteNoUnwrapNoCoerce.invoke(PogoMetaMethodSite.java:210)
	at org.codehaus.groovy.runtime.callsite.PogoMetaMethodSite.callCurrent(PogoMetaMethodSite.java:59)
	at org.codehaus.groovy.runtime.callsite.AbstractCallSite.callCurrent(AbstractCallSite.java:166)
	at io.restassured.internal.ResponseSpecificationImpl.statusCode(ResponseSpecificationImpl.groovy:122)
	at io.restassured.specification.ResponseSpecification$statusCode$0.callCurrent(Unknown Source)
	at io.restassured.internal.ResponseSpecificationImpl.statusCode(ResponseSpecificationImpl.groovy:130)
	at io.restassured.internal.ValidatableResponseOptionsImpl.statusCode(ValidatableResponseOptionsImpl.java:117)
	at pcs.api.Api_Param.Get_With_Param(Api_Param.java:124)
... Removed 32 stack frames</div></td></tr></table><p class="totop"><a href="#summary">back to summary</a></p><h3 id="m10">pcs.api.Api_Param#GetMethod_No_Params</h3><table class="result"></table><p class="totop"><a href="#summary">back to summary</a></p><h3 id="m11">pcs.api.Api_Param#Get_With_Param</h3><table class="result"><tr class="param"><th>Parameter #1</th><th>Parameter #2</th><th>Parameter #3</th><th>Parameter #4</th><th>Parameter #5</th><th>Parameter #6</th><th>Parameter #7</th><th>Parameter #8</th><th>Parameter #9</th></tr><tr class="param stripe"><td>t</td><td>Spiderman</td><td>y</td><td> </td><td>plot</td><td>short</td><td>r</td><td>json</td><td>200</td></tr></table><p class="totop"><a href="#summary">back to summary</a></p><h3 id="m12">pcs.api.Api_Param#Get_With_Param</h3><table class="result"><tr class="param"><th>Parameter #1</th><th>Parameter #2</th><th>Parameter #3</th><th>Parameter #4</th><th>Parameter #5</th><th>Parameter #6</th><th>Parameter #7</th><th>Parameter #8</th><th>Parameter #9</th></tr><tr class="param stripe"><td>t</td><td>Spiderman</td><td></td><td> </td><td></td><td></td><td></td><td></td><td>200</td></tr></table><p class="totop"><a href="#summary">back to summary</a></p><h3 id="m13">pcs.api.Api_Param#Get_With_Param</h3><table class="result"><tr class="param"><th>Parameter #1</th><th>Parameter #2</th><th>Parameter #3</th><th>Parameter #4</th><th>Parameter #5</th><th>Parameter #6</th><th>Parameter #7</th><th>Parameter #8</th><th>Parameter #9</th></tr><tr class="param stripe"><td></td><td></td><td></td><td> </td><td></td><td></td><td>r</td><td>json</td><td>200</td></tr></table><p class="totop"><a href="#summary">back to summary</a></p><h3 id="m14">pcs.api.Api_Param#Get_With_Param</h3><table class="result"><tr class="param"><th>Parameter #1</th><th>Parameter #2</th><th>Parameter #3</th><th>Parameter #4</th><th>Parameter #5</th><th>Parameter #6</th><th>Parameter #7</th><th>Parameter #8</th><th>Parameter #9</th></tr><tr class="param stripe"><td>t</td><td></td><td></td><td>r</td><td>plot</td><td>short</td><td>r</td><td>json</td><td>200</td></tr></table><p class="totop"><a href="#summary">back to summary</a></p><h3 id="m15">pcs.api.Api_Param#Get_With_Param</h3><table class="result"><tr class="param"><th>Parameter #1</th><th>Parameter #2</th><th>Parameter #3</th><th>Parameter #4</th><th>Parameter #5</th><th>Parameter #6</th><th>Parameter #7</th><th>Parameter #8</th><th>Parameter #9</th></tr><tr class="param stripe"><td></td><td></td><td></td><td> </td><td>plot</td><td>short</td><td></td><td></td><td>200</td></tr></table><p class="totop"><a href="#summary">back to summary</a></p></body></html>