<!DOCTYPE html>

<html>
  <head>
  <title>TestNG reports</title>

    <link type="text/css" href="testng-reports.css" rel="stylesheet" />  
    <script type="text/javascript" src="jquery-1.7.1.min.js"></script>
    <script type="text/javascript" src="testng-reports.js"></script>
    <script type="text/javascript" src="https://www.google.com/jsapi"></script>
    <script type='text/javascript'>
      google.load('visualization', '1', {packages:['table']});
      google.setOnLoadCallback(drawTable);
      var suiteTableInitFunctions = new Array();
      var suiteTableData = new Array();
    </script>
    <!--
      <script type="text/javascript" src="jquery-ui/js/jquery-ui-1.8.16.custom.min.js"></script>
     -->
  </head>

  <body>
    <div class="top-banner-root">
      <span class="top-banner-title-font">Test results</span>
      <br/>
      <span class="top-banner-font-1">1 suite, 5 failed tests</span>
    </div> <!-- top-banner-root -->
    <div class="navigator-root">
      <div class="navigator-suite-header">
        <span>All suites</span>
        <a href="#" class="collapse-all-link" title="Collapse/expand all the suites">
          <img class="collapse-all-icon" src="collapseall.gif">
          </img> <!-- collapse-all-icon -->
        </a> <!-- collapse-all-link -->
      </div> <!-- navigator-suite-header -->
      <div class="suite">
        <div class="rounded-window">
          <div class="suite-header light-rounded-window-top">
            <a href="#" class="navigator-link" panel-name="suite-PCS_Test_Suite">
              <span class="suite-name border-failed">PCS_Test_Suite</span>
            </a> <!-- navigator-link -->
          </div> <!-- suite-header light-rounded-window-top -->
          <div class="navigator-suite-content">
            <div class="suite-section-title">
              <span>Info</span>
            </div> <!-- suite-section-title -->
            <div class="suite-section-content">
              <ul>
                <li>
                  <a href="#" class="navigator-link " panel-name="test-xml-PCS_Test_Suite">
                    <span>D:\workspace\PCS_Test\testng_testsuite_xml\testng.xml</span>
                  </a> <!-- navigator-link  -->
                </li>
                <li>
                  <a href="#" class="navigator-link " panel-name="testlist-PCS_Test_Suite">
                    <span class="test-stats">2 tests</span>
                  </a> <!-- navigator-link  -->
                </li>
                <li>
                  <a href="#" class="navigator-link " panel-name="group-PCS_Test_Suite">
                    <span>0 groups</span>
                  </a> <!-- navigator-link  -->
                </li>
                <li>
                  <a href="#" class="navigator-link " panel-name="times-PCS_Test_Suite">
                    <span>Times</span>
                  </a> <!-- navigator-link  -->
                </li>
                <li>
                  <a href="#" class="navigator-link " panel-name="reporter-PCS_Test_Suite">
                    <span>Reporter output</span>
                  </a> <!-- navigator-link  -->
                </li>
                <li>
                  <a href="#" class="navigator-link " panel-name="ignored-methods-PCS_Test_Suite">
                    <span>Ignored methods</span>
                  </a> <!-- navigator-link  -->
                </li>
                <li>
                  <a href="#" class="navigator-link " panel-name="chronological-PCS_Test_Suite">
                    <span>Chronological view</span>
                  </a> <!-- navigator-link  -->
                </li>
              </ul>
            </div> <!-- suite-section-content -->
            <div class="result-section">
              <div class="suite-section-title">
                <span>Results</span>
              </div> <!-- suite-section-title -->
              <div class="suite-section-content">
                <ul>
                  <li>
                    <span class="method-stats">16 methods, 5 failed,   11 passed</span>
                  </li>
                  <li>
                    <span class="method-list-title failed">Failed methods</span>
                    <span class="show-or-hide-methods failed">
                      <a href="#" panel-name="suite-PCS_Test_Suite" class="hide-methods failed suite-PCS_Test_Suite"> (hide)</a> <!-- hide-methods failed suite-PCS_Test_Suite -->
                      <a href="#" panel-name="suite-PCS_Test_Suite" class="show-methods failed suite-PCS_Test_Suite"> (show)</a> <!-- show-methods failed suite-PCS_Test_Suite -->
                    </span>
                    <div class="method-list-content failed suite-PCS_Test_Suite">
                      <span>
                        <img width="3%" src="failed.png"/>
                        <a href="#" class="method navigator-link" panel-name="suite-PCS_Test_Suite" title="pcs.api.Api_Param" hash-for-method="Get_With_Param(, , y,  , , , , , 400)">Get_With_Param(, , y,  , , , , , 400)</a> <!-- method navigator-link -->
                      </span>
                      <br/>
                      <span>
                        <img width="3%" src="failed.png"/>
                        <a href="#" class="method navigator-link" panel-name="suite-PCS_Test_Suite" title="pcs.api.Api_Param" hash-for-method="Get_With_Param(, , ,  , , , , , 400)">Get_With_Param(, , ,  , , , , , 400)</a> <!-- method navigator-link -->
                      </span>
                      <br/>
                      <span>
                        <img width="3%" src="failed.png"/>
                        <a href="#" class="method navigator-link" panel-name="suite-PCS_Test_Suite" title="pcs.pom.testSuites.Login_TestSuite" hash-for-method="Login_Test(null, null, Please provide a valid password (6-32 chars))">Login_Test(null, null, Please provide a valid password (6-32 chars))</a> <!-- method navigator-link -->
                      </span>
                      <br/>
                      <span>
                        <img width="3%" src="failed.png"/>
                        <a href="#" class="method navigator-link" panel-name="suite-PCS_Test_Suite" title="pcs.pom.testSuites.Login_TestSuite" hash-for-method="Login_Test(, , Please provide a valid password (6-32 chars))">Login_Test(, , Please provide a valid password (6-32 chars))</a> <!-- method navigator-link -->
                      </span>
                      <br/>
                      <span>
                        <img width="3%" src="failed.png"/>
                        <a href="#" class="method navigator-link" panel-name="suite-PCS_Test_Suite" title="pcs.pom.testSuites.Login_TestSuite" hash-for-method="Login_Test(vikasgarg.mgl@gmail.com, master1, Vikas Kumar)">Login_Test(vikasgarg.mgl@gmail.com, master1, Vikas Kumar)</a> <!-- method navigator-link -->
                      </span>
                      <br/>
                    </div> <!-- method-list-content failed suite-PCS_Test_Suite -->
                  </li>
                  <li>
                    <span class="method-list-title passed">Passed methods</span>
                    <span class="show-or-hide-methods passed">
                      <a href="#" panel-name="suite-PCS_Test_Suite" class="hide-methods passed suite-PCS_Test_Suite"> (hide)</a> <!-- hide-methods passed suite-PCS_Test_Suite -->
                      <a href="#" panel-name="suite-PCS_Test_Suite" class="show-methods passed suite-PCS_Test_Suite"> (show)</a> <!-- show-methods passed suite-PCS_Test_Suite -->
                    </span>
                    <div class="method-list-content passed suite-PCS_Test_Suite">
                      <span>
                        <img width="3%" src="passed.png"/>
                        <a href="#" class="method navigator-link" panel-name="suite-PCS_Test_Suite" title="pcs.api.Api_Param" hash-for-method="GetMethod_No_Params">GetMethod_No_Params</a> <!-- method navigator-link -->
                      </span>
                      <br/>
                      <span>
                        <img width="3%" src="passed.png"/>
                        <a href="#" class="method navigator-link" panel-name="suite-PCS_Test_Suite" title="pcs.api.Api_Param" hash-for-method="Get_With_Param(t, Spiderman, y,  , plot, short, r, json, 200)">Get_With_Param(t, Spiderman, y,  , plot, short, r, json, 200)</a> <!-- method navigator-link -->
                      </span>
                      <br/>
                      <span>
                        <img width="3%" src="passed.png"/>
                        <a href="#" class="method navigator-link" panel-name="suite-PCS_Test_Suite" title="pcs.api.Api_Param" hash-for-method="Get_With_Param(t, Spiderman, ,  , , , , , 200)">Get_With_Param(t, Spiderman, ,  , , , , , 200)</a> <!-- method navigator-link -->
                      </span>
                      <br/>
                      <span>
                        <img width="3%" src="passed.png"/>
                        <a href="#" class="method navigator-link" panel-name="suite-PCS_Test_Suite" title="pcs.api.Api_Param" hash-for-method="Get_With_Param(, , ,  , , , r, json, 200)">Get_With_Param(, , ,  , , , r, json, 200)</a> <!-- method navigator-link -->
                      </span>
                      <br/>
                      <span>
                        <img width="3%" src="passed.png"/>
                        <a href="#" class="method navigator-link" panel-name="suite-PCS_Test_Suite" title="pcs.api.Api_Param" hash-for-method="Get_With_Param(t, , , r, plot, short, r, json, 200)">Get_With_Param(t, , , r, plot, short, r, json, 200)</a> <!-- method navigator-link -->
                      </span>
                      <br/>
                      <span>
                        <img width="3%" src="passed.png"/>
                        <a href="#" class="method navigator-link" panel-name="suite-PCS_Test_Suite" title="pcs.api.Api_Param" hash-for-method="Get_With_Param(, , ,  , plot, short, , , 200)">Get_With_Param(, , ,  , plot, short, , , 200)</a> <!-- method navigator-link -->
                      </span>
                      <br/>
                      <span>
                        <img width="3%" src="passed.png"/>
                        <a href="#" class="method navigator-link" panel-name="suite-PCS_Test_Suite" title="pcs.pom.testSuites.Login_TestSuite" hash-for-method="Login_Test(testuser_2@gmail.com, Tes, wrong credentials/password)">Login_Test(testuser_2@gmail.com, Tes, wrong credentials/password)</a> <!-- method navigator-link -->
                      </span>
                      <br/>
                      <span>
                        <img width="3%" src="passed.png"/>
                        <a href="#" class="method navigator-link" panel-name="suite-PCS_Test_Suite" title="pcs.pom.testSuites.Login_TestSuite" hash-for-method="Login_Test(---, master, wrong credentials/password)">Login_Test(---, master, wrong credentials/password)</a> <!-- method navigator-link -->
                      </span>
                      <br/>
                      <span>
                        <img width="3%" src="passed.png"/>
                        <a href="#" class="method navigator-link" panel-name="suite-PCS_Test_Suite" title="pcs.pom.testSuites.Login_TestSuite" hash-for-method="Login_Test(***, master, wrong credentials/password)">Login_Test(***, master, wrong credentials/password)</a> <!-- method navigator-link -->
                      </span>
                      <br/>
                      <span>
                        <img width="3%" src="passed.png"/>
                        <a href="#" class="method navigator-link" panel-name="suite-PCS_Test_Suite" title="pcs.pom.testSuites.Login_TestSuite" hash-for-method="Login_Test(testuser_1@gmail.com, master, wrong credentials/password)">Login_Test(testuser_1@gmail.com, master, wrong credentials/password)</a> <!-- method navigator-link -->
                      </span>
                      <br/>
                      <span>
                        <img width="3%" src="passed.png"/>
                        <a href="#" class="method navigator-link" panel-name="suite-PCS_Test_Suite" title="pcs.pom.testSuites.Login_TestSuite" hash-for-method="Login_Test(testuser_3@, Tes, wrong credentials/password)">Login_Test(testuser_3@, Tes, wrong credentials/password)</a> <!-- method navigator-link -->
                      </span>
                      <br/>
                    </div> <!-- method-list-content passed suite-PCS_Test_Suite -->
                  </li>
                </ul>
              </div> <!-- suite-section-content -->
            </div> <!-- result-section -->
          </div> <!-- navigator-suite-content -->
        </div> <!-- rounded-window -->
      </div> <!-- suite -->
    </div> <!-- navigator-root -->
    <div class="wrapper">
      <div class="main-panel-root">
        <div panel-name="suite-PCS_Test_Suite" class="panel PCS_Test_Suite">
          <div class="suite-PCS_Test_Suite-class-failed">
            <div class="main-panel-header rounded-window-top">
              <img src="failed.png"/>
              <span class="class-name">pcs.pom.testSuites.Login_TestSuite</span>
            </div> <!-- main-panel-header rounded-window-top -->
            <div class="main-panel-content rounded-window-bottom">
              <div class="method">
                <div class="method-content">
                  <a name="Login_Test(null, null, Please provide a valid password (6-32 chars))">
                  </a> <!-- Login_Test(null, null, Please provide a valid password (6-32 chars)) -->
                  <span class="method-name">Login_Test</span>
                  <span class="parameters">(null, null, Please provide a valid password (6-32 chars))</span>
                  <div class="stack-trace">java.lang.AssertionError: The following asserts failed:
	Failed expected [Please provide a valid password (6-32 chars)] but found [wrong credentials/password]
	at pcs.pom.testSuites.Login_TestSuite.Login_Test(Login_TestSuite.java:112)
... Removed 25 stack frames
</div> <!-- stack-trace -->
                </div> <!-- method-content -->
              </div> <!-- method -->
              <div class="method">
                <div class="method-content">
                  <a name="Login_Test(, , Please provide a valid password (6-32 chars))">
                  </a> <!-- Login_Test(, , Please provide a valid password (6-32 chars)) -->
                  <span class="method-name">Login_Test</span>
                  <span class="parameters">(, , Please provide a valid password (6-32 chars))</span>
                  <div class="stack-trace">org.openqa.selenium.NoSuchElementException: no such element: Unable to locate element: {&quot;method&quot;:&quot;xpath&quot;,&quot;selector&quot;:&quot;//div[@class=&apos;login-input-box error&apos;]//p[@class=&apos;error&apos;]&quot;}
  (Session info: chrome=61.0.3163.100)
  (Driver info: chromedriver=2.29.461591 (62ebf098771772160f391d75e589dc567915b233),platform=Windows NT 10.0.15063 x86_64) (WARNING: The server did not provide any stacktrace information)
Command duration or timeout: 14.03 seconds
For documentation on this error, please visit: http://seleniumhq.org/exceptions/no_such_element.html
Build info: version: &apos;3.4.0&apos;, revision: &apos;unknown&apos;, time: &apos;unknown&apos;
System info: host: &apos;DESKTOP-0OUENT3&apos;, ip: &apos;192.168.65.2&apos;, os.name: &apos;Windows 10&apos;, os.arch: &apos;x86&apos;, os.version: &apos;10.0&apos;, java.version: &apos;1.8.0_144&apos;
Driver info: org.openqa.selenium.chrome.ChromeDriver
Capabilities [{applicationCacheEnabled=false, rotatable=false, mobileEmulationEnabled=false, networkConnectionEnabled=false, chrome={chromedriverVersion=2.29.461591 (62ebf098771772160f391d75e589dc567915b233), userDataDir=C:\Users\User\AppData\Local\Temp\scoped_dir11080_8054}, takesHeapSnapshot=true, pageLoadStrategy=normal, databaseEnabled=false, handlesAlerts=true, hasTouchScreen=false, version=61.0.3163.100, platform=XP, browserConnectionEnabled=false, nativeEvents=true, acceptSslCerts=true, locationContextEnabled=true, webStorageEnabled=true, browserName=chrome, takesScreenshot=true, javascriptEnabled=true, cssSelectorsEnabled=true, unexpectedAlertBehaviour=}]
Session ID: f425aad159ddf8fe37ace86da904a0d3
*** Element info: {Using=xpath, value=//div[@class=&apos;login-input-box error&apos;]//p[@class=&apos;error&apos;]}
	at org.openqa.selenium.remote.ErrorHandler.createThrowable(ErrorHandler.java:215)
	at org.openqa.selenium.remote.ErrorHandler.throwIfResponseFailed(ErrorHandler.java:167)
	at org.openqa.selenium.remote.RemoteWebDriver.execute(RemoteWebDriver.java:671)
	at org.openqa.selenium.remote.RemoteWebDriver.findElement(RemoteWebDriver.java:410)
	at org.openqa.selenium.remote.RemoteWebDriver.findElementByXPath(RemoteWebDriver.java:509)
	at org.openqa.selenium.By$ByXPath.findElement(By.java:361)
	at org.openqa.selenium.remote.RemoteWebDriver.findElement(RemoteWebDriver.java:402)
	at org.openqa.selenium.support.pagefactory.DefaultElementLocator.findElement(DefaultElementLocator.java:69)
	at org.openqa.selenium.support.pagefactory.internal.LocatingElementHandler.invoke(LocatingElementHandler.java:38)
	at com.sun.proxy.$Proxy9.isDisplayed(Unknown Source)
	at pcs.pom.gui.Login_POM.LogIn_Test(Login_POM.java:78)
	at pcs.pom.testSuites.Login_TestSuite.Login_Test(Login_TestSuite.java:108)
... Removed 28 stack frames
</div> <!-- stack-trace -->
                </div> <!-- method-content -->
              </div> <!-- method -->
              <div class="method">
                <div class="method-content">
                  <a name="Login_Test(vikasgarg.mgl@gmail.com, master1, Vikas Kumar)">
                  </a> <!-- Login_Test(vikasgarg.mgl@gmail.com, master1, Vikas Kumar) -->
                  <span class="method-name">Login_Test</span>
                  <span class="parameters">(vikasgarg.mgl@gmail.com, master1, Vikas Kumar)</span>
                  <div class="stack-trace">org.openqa.selenium.NoSuchElementException: no such element: Unable to locate element: {&quot;method&quot;:&quot;xpath&quot;,&quot;selector&quot;:&quot;(//div[@class=&apos;mian-field-box&apos;]/p)[1]&quot;}
  (Session info: chrome=61.0.3163.100)
  (Driver info: chromedriver=2.29.461591 (62ebf098771772160f391d75e589dc567915b233),platform=Windows NT 10.0.15063 x86_64) (WARNING: The server did not provide any stacktrace information)
Command duration or timeout: 14.04 seconds
For documentation on this error, please visit: http://seleniumhq.org/exceptions/no_such_element.html
Build info: version: &apos;3.4.0&apos;, revision: &apos;unknown&apos;, time: &apos;unknown&apos;
System info: host: &apos;DESKTOP-0OUENT3&apos;, ip: &apos;192.168.65.2&apos;, os.name: &apos;Windows 10&apos;, os.arch: &apos;x86&apos;, os.version: &apos;10.0&apos;, java.version: &apos;1.8.0_144&apos;
Driver info: org.openqa.selenium.chrome.ChromeDriver
Capabilities [{applicationCacheEnabled=false, rotatable=false, mobileEmulationEnabled=false, networkConnectionEnabled=false, chrome={chromedriverVersion=2.29.461591 (62ebf098771772160f391d75e589dc567915b233), userDataDir=C:\Users\User\AppData\Local\Temp\scoped_dir11080_8054}, takesHeapSnapshot=true, pageLoadStrategy=normal, databaseEnabled=false, handlesAlerts=true, hasTouchScreen=false, version=61.0.3163.100, platform=XP, browserConnectionEnabled=false, nativeEvents=true, acceptSslCerts=true, locationContextEnabled=true, webStorageEnabled=true, browserName=chrome, takesScreenshot=true, javascriptEnabled=true, cssSelectorsEnabled=true, unexpectedAlertBehaviour=}]
Session ID: f425aad159ddf8fe37ace86da904a0d3
*** Element info: {Using=xpath, value=(//div[@class=&apos;mian-field-box&apos;]/p)[1]}
	at org.openqa.selenium.remote.ErrorHandler.createThrowable(ErrorHandler.java:215)
	at org.openqa.selenium.remote.ErrorHandler.throwIfResponseFailed(ErrorHandler.java:167)
	at org.openqa.selenium.remote.RemoteWebDriver.execute(RemoteWebDriver.java:671)
	at org.openqa.selenium.remote.RemoteWebDriver.findElement(RemoteWebDriver.java:410)
	at org.openqa.selenium.remote.RemoteWebDriver.findElementByXPath(RemoteWebDriver.java:509)
	at org.openqa.selenium.By$ByXPath.findElement(By.java:361)
	at org.openqa.selenium.remote.RemoteWebDriver.findElement(RemoteWebDriver.java:402)
	at org.openqa.selenium.support.pagefactory.DefaultElementLocator.findElement(DefaultElementLocator.java:69)
	at org.openqa.selenium.support.pagefactory.internal.LocatingElementHandler.invoke(LocatingElementHandler.java:38)
	at com.sun.proxy.$Proxy9.isDisplayed(Unknown Source)
	at pcs.pom.gui.Login_POM.LogIn_Test(Login_POM.java:75)
	at pcs.pom.testSuites.Login_TestSuite.Login_Test(Login_TestSuite.java:108)
... Removed 28 stack frames
</div> <!-- stack-trace -->
                </div> <!-- method-content -->
              </div> <!-- method -->
            </div> <!-- main-panel-content rounded-window-bottom -->
          </div> <!-- suite-PCS_Test_Suite-class-failed -->
          <div class="suite-PCS_Test_Suite-class-failed">
            <div class="main-panel-header rounded-window-top">
              <img src="failed.png"/>
              <span class="class-name">pcs.api.Api_Param</span>
            </div> <!-- main-panel-header rounded-window-top -->
            <div class="main-panel-content rounded-window-bottom">
              <div class="method">
                <div class="method-content">
                  <a name="Get_With_Param(, , y,  , , , , , 400)">
                  </a> <!-- Get_With_Param(, , y,  , , , , , 400) -->
                  <span class="method-name">Get_With_Param</span>
                  <span class="parameters">(, , y,  , , , , , 400)</span>
                  <div class="stack-trace">java.lang.NoSuchMethodError: org.hamcrest.Matcher.describeMismatch(Ljava/lang/Object;Lorg/hamcrest/Description;)V
	at io.restassured.internal.util.MatcherErrorMessageBuilder.buildError(MatcherErrorMessageBuilder.java:19)
	at io.restassured.internal.util.MatcherErrorMessageBuilder$buildError.call(Unknown Source)
	at io.restassured.internal.ResponseSpecificationImpl$HamcrestAssertionClosure.validateStatusCodeAndStatusLine(ResponseSpecificationImpl.groovy:536)
	at org.codehaus.groovy.runtime.callsite.PogoMetaMethodSite$PogoCachedMethodSiteNoUnwrapNoCoerce.invoke(PogoMetaMethodSite.java:210)
	at org.codehaus.groovy.runtime.callsite.PogoMetaMethodSite.callCurrent(PogoMetaMethodSite.java:59)
	at org.codehaus.groovy.runtime.callsite.AbstractCallSite.callCurrent(AbstractCallSite.java:166)
	at io.restassured.internal.ResponseSpecificationImpl$HamcrestAssertionClosure.validate(ResponseSpecificationImpl.groovy:449)
	at io.restassured.internal.ResponseSpecificationImpl$HamcrestAssertionClosure$validate$1.call(Unknown Source)
	at io.restassured.internal.ResponseSpecificationImpl.validateResponseIfRequired(ResponseSpecificationImpl.groovy:643)
	at org.codehaus.groovy.runtime.callsite.PogoMetaMethodSite$PogoCachedMethodSiteNoUnwrapNoCoerce.invoke(PogoMetaMethodSite.java:210)
	at org.codehaus.groovy.runtime.callsite.PogoMetaMethodSite.callCurrent(PogoMetaMethodSite.java:59)
	at org.codehaus.groovy.runtime.callsite.AbstractCallSite.callCurrent(AbstractCallSite.java:166)
	at io.restassured.internal.ResponseSpecificationImpl.statusCode(ResponseSpecificationImpl.groovy:122)
	at io.restassured.specification.ResponseSpecification$statusCode$0.callCurrent(Unknown Source)
	at io.restassured.internal.ResponseSpecificationImpl.statusCode(ResponseSpecificationImpl.groovy:130)
	at io.restassured.internal.ValidatableResponseOptionsImpl.statusCode(ValidatableResponseOptionsImpl.java:117)
	at pcs.api.Api_Param.Get_With_Param(Api_Param.java:124)
... Removed 32 stack frames
</div> <!-- stack-trace -->
                </div> <!-- method-content -->
              </div> <!-- method -->
              <div class="method">
                <div class="method-content">
                  <a name="Get_With_Param(, , ,  , , , , , 400)">
                  </a> <!-- Get_With_Param(, , ,  , , , , , 400) -->
                  <span class="method-name">Get_With_Param</span>
                  <span class="parameters">(, , ,  , , , , , 400)</span>
                  <div class="stack-trace">java.lang.NoSuchMethodError: org.hamcrest.Matcher.describeMismatch(Ljava/lang/Object;Lorg/hamcrest/Description;)V
	at io.restassured.internal.util.MatcherErrorMessageBuilder.buildError(MatcherErrorMessageBuilder.java:19)
	at io.restassured.internal.util.MatcherErrorMessageBuilder$buildError.call(Unknown Source)
	at org.codehaus.groovy.runtime.callsite.CallSiteArray.defaultCall(CallSiteArray.java:48)
	at org.codehaus.groovy.runtime.callsite.AbstractCallSite.call(AbstractCallSite.java:113)
	at org.codehaus.groovy.runtime.callsite.AbstractCallSite.call(AbstractCallSite.java:133)
	at io.restassured.internal.ResponseSpecificationImpl$HamcrestAssertionClosure.validateStatusCodeAndStatusLine(ResponseSpecificationImpl.groovy:536)
	at org.codehaus.groovy.runtime.callsite.PogoMetaMethodSite$PogoCachedMethodSiteNoUnwrapNoCoerce.invoke(PogoMetaMethodSite.java:210)
	at org.codehaus.groovy.runtime.callsite.PogoMetaMethodSite.callCurrent(PogoMetaMethodSite.java:59)
	at org.codehaus.groovy.runtime.callsite.AbstractCallSite.callCurrent(AbstractCallSite.java:166)
	at io.restassured.internal.ResponseSpecificationImpl$HamcrestAssertionClosure.validate(ResponseSpecificationImpl.groovy:449)
	at io.restassured.internal.ResponseSpecificationImpl$HamcrestAssertionClosure$validate$1.call(Unknown Source)
	at io.restassured.internal.ResponseSpecificationImpl.validateResponseIfRequired(ResponseSpecificationImpl.groovy:643)
	at org.codehaus.groovy.runtime.callsite.PogoMetaMethodSite$PogoCachedMethodSiteNoUnwrapNoCoerce.invoke(PogoMetaMethodSite.java:210)
	at org.codehaus.groovy.runtime.callsite.PogoMetaMethodSite.callCurrent(PogoMetaMethodSite.java:59)
	at org.codehaus.groovy.runtime.callsite.AbstractCallSite.callCurrent(AbstractCallSite.java:166)
	at io.restassured.internal.ResponseSpecificationImpl.statusCode(ResponseSpecificationImpl.groovy:122)
	at io.restassured.specification.ResponseSpecification$statusCode$0.callCurrent(Unknown Source)
	at io.restassured.internal.ResponseSpecificationImpl.statusCode(ResponseSpecificationImpl.groovy:130)
	at io.restassured.internal.ValidatableResponseOptionsImpl.statusCode(ValidatableResponseOptionsImpl.java:117)
	at pcs.api.Api_Param.Get_With_Param(Api_Param.java:124)
... Removed 32 stack frames
</div> <!-- stack-trace -->
                </div> <!-- method-content -->
              </div> <!-- method -->
            </div> <!-- main-panel-content rounded-window-bottom -->
          </div> <!-- suite-PCS_Test_Suite-class-failed -->
          <div class="suite-PCS_Test_Suite-class-passed">
            <div class="main-panel-header rounded-window-top">
              <img src="passed.png"/>
              <span class="class-name">pcs.pom.testSuites.Login_TestSuite</span>
            </div> <!-- main-panel-header rounded-window-top -->
            <div class="main-panel-content rounded-window-bottom">
              <div class="method">
                <div class="method-content">
                  <a name="Login_Test(testuser_2@gmail.com, Tes, wrong credentials/password)">
                  </a> <!-- Login_Test(testuser_2@gmail.com, Tes, wrong credentials/password) -->
                  <span class="method-name">Login_Test</span>
                  <span class="parameters">(testuser_2@gmail.com, Tes, wrong credentials/password)</span>
                </div> <!-- method-content -->
              </div> <!-- method -->
              <div class="method">
                <div class="method-content">
                  <a name="Login_Test(---, master, wrong credentials/password)">
                  </a> <!-- Login_Test(-, master, wrong credentials/password) -->
                  <span class="method-name">Login_Test</span>
                  <span class="parameters">(---, master, wrong credentials/password)</span>
                </div> <!-- method-content -->
              </div> <!-- method -->
              <div class="method">
                <div class="method-content">
                  <a name="Login_Test(***, master, wrong credentials/password)">
                  </a> <!-- Login_Test(***, master, wrong credentials/password) -->
                  <span class="method-name">Login_Test</span>
                  <span class="parameters">(***, master, wrong credentials/password)</span>
                </div> <!-- method-content -->
              </div> <!-- method -->
              <div class="method">
                <div class="method-content">
                  <a name="Login_Test(testuser_1@gmail.com, master, wrong credentials/password)">
                  </a> <!-- Login_Test(testuser_1@gmail.com, master, wrong credentials/password) -->
                  <span class="method-name">Login_Test</span>
                  <span class="parameters">(testuser_1@gmail.com, master, wrong credentials/password)</span>
                </div> <!-- method-content -->
              </div> <!-- method -->
              <div class="method">
                <div class="method-content">
                  <a name="Login_Test(testuser_3@, Tes, wrong credentials/password)">
                  </a> <!-- Login_Test(testuser_3@, Tes, wrong credentials/password) -->
                  <span class="method-name">Login_Test</span>
                  <span class="parameters">(testuser_3@, Tes, wrong credentials/password)</span>
                </div> <!-- method-content -->
              </div> <!-- method -->
            </div> <!-- main-panel-content rounded-window-bottom -->
          </div> <!-- suite-PCS_Test_Suite-class-passed -->
          <div class="suite-PCS_Test_Suite-class-passed">
            <div class="main-panel-header rounded-window-top">
              <img src="passed.png"/>
              <span class="class-name">pcs.api.Api_Param</span>
            </div> <!-- main-panel-header rounded-window-top -->
            <div class="main-panel-content rounded-window-bottom">
              <div class="method">
                <div class="method-content">
                  <a name="GetMethod_No_Params">
                  </a> <!-- GetMethod_No_Params -->
                  <span class="method-name">GetMethod_No_Params</span>
                </div> <!-- method-content -->
              </div> <!-- method -->
              <div class="method">
                <div class="method-content">
                  <a name="Get_With_Param(t, Spiderman, y,  , plot, short, r, json, 200)">
                  </a> <!-- Get_With_Param(t, Spiderman, y,  , plot, short, r, json, 200) -->
                  <span class="method-name">Get_With_Param</span>
                  <span class="parameters">(t, Spiderman, y,  , plot, short, r, json, 200)</span>
                </div> <!-- method-content -->
              </div> <!-- method -->
              <div class="method">
                <div class="method-content">
                  <a name="Get_With_Param(t, Spiderman, ,  , , , , , 200)">
                  </a> <!-- Get_With_Param(t, Spiderman, ,  , , , , , 200) -->
                  <span class="method-name">Get_With_Param</span>
                  <span class="parameters">(t, Spiderman, ,  , , , , , 200)</span>
                </div> <!-- method-content -->
              </div> <!-- method -->
              <div class="method">
                <div class="method-content">
                  <a name="Get_With_Param(, , ,  , , , r, json, 200)">
                  </a> <!-- Get_With_Param(, , ,  , , , r, json, 200) -->
                  <span class="method-name">Get_With_Param</span>
                  <span class="parameters">(, , ,  , , , r, json, 200)</span>
                </div> <!-- method-content -->
              </div> <!-- method -->
              <div class="method">
                <div class="method-content">
                  <a name="Get_With_Param(t, , , r, plot, short, r, json, 200)">
                  </a> <!-- Get_With_Param(t, , , r, plot, short, r, json, 200) -->
                  <span class="method-name">Get_With_Param</span>
                  <span class="parameters">(t, , , r, plot, short, r, json, 200)</span>
                </div> <!-- method-content -->
              </div> <!-- method -->
              <div class="method">
                <div class="method-content">
                  <a name="Get_With_Param(, , ,  , plot, short, , , 200)">
                  </a> <!-- Get_With_Param(, , ,  , plot, short, , , 200) -->
                  <span class="method-name">Get_With_Param</span>
                  <span class="parameters">(, , ,  , plot, short, , , 200)</span>
                </div> <!-- method-content -->
              </div> <!-- method -->
            </div> <!-- main-panel-content rounded-window-bottom -->
          </div> <!-- suite-PCS_Test_Suite-class-passed -->
        </div> <!-- panel PCS_Test_Suite -->
        <div panel-name="test-xml-PCS_Test_Suite" class="panel">
          <div class="main-panel-header rounded-window-top">
            <span class="header-content">D:\workspace\PCS_Test\testng_testsuite_xml\testng.xml</span>
          </div> <!-- main-panel-header rounded-window-top -->
          <div class="main-panel-content rounded-window-bottom">
            <pre>
&lt;?xml version=&quot;1.0&quot; encoding=&quot;UTF-8&quot;?&gt;
&lt;!DOCTYPE suite SYSTEM &quot;http://testng.org/testng-1.0.dtd&quot;&gt;
&lt;suite guice-stage=&quot;DEVELOPMENT&quot; name=&quot;PCS_Test_Suite&quot;&gt;
  &lt;test name=&quot;UI_Login_Test&quot;&gt;
    &lt;parameter name=&quot;browser&quot; value=&quot;chrome&quot;/&gt;
    &lt;parameter name=&quot;URL&quot; value=&quot;https://www.makaan.com&quot;/&gt;
    &lt;classes&gt;
      &lt;class name=&quot;pcs.pom.testSuites.Login_TestSuite&quot;/&gt;
    &lt;/classes&gt;
  &lt;/test&gt; &lt;!-- UI_Login_Test --&gt;
  &lt;test name=&quot;API_Test&quot;&gt;
    &lt;classes&gt;
      &lt;class name=&quot;pcs.api.Api_Param&quot;/&gt;
    &lt;/classes&gt;
  &lt;/test&gt; &lt;!-- API_Test --&gt;
&lt;/suite&gt; &lt;!-- PCS_Test_Suite --&gt;
            </pre>
          </div> <!-- main-panel-content rounded-window-bottom -->
        </div> <!-- panel -->
        <div panel-name="testlist-PCS_Test_Suite" class="panel">
          <div class="main-panel-header rounded-window-top">
            <span class="header-content">Tests for PCS_Test_Suite</span>
          </div> <!-- main-panel-header rounded-window-top -->
          <div class="main-panel-content rounded-window-bottom">
            <ul>
              <li>
                <span class="test-name">UI_Login_Test (1 class)</span>
              </li>
              <li>
                <span class="test-name">API_Test (1 class)</span>
              </li>
            </ul>
          </div> <!-- main-panel-content rounded-window-bottom -->
        </div> <!-- panel -->
        <div panel-name="group-PCS_Test_Suite" class="panel">
          <div class="main-panel-header rounded-window-top">
            <span class="header-content">Groups for PCS_Test_Suite</span>
          </div> <!-- main-panel-header rounded-window-top -->
          <div class="main-panel-content rounded-window-bottom">
          </div> <!-- main-panel-content rounded-window-bottom -->
        </div> <!-- panel -->
        <div panel-name="times-PCS_Test_Suite" class="panel">
          <div class="main-panel-header rounded-window-top">
            <span class="header-content">Times for PCS_Test_Suite</span>
          </div> <!-- main-panel-header rounded-window-top -->
          <div class="main-panel-content rounded-window-bottom">
            <div class="times-div">
              <script type="text/javascript">
suiteTableInitFunctions.push('tableData_PCS_Test_Suite');
function tableData_PCS_Test_Suite() {
var data = new google.visualization.DataTable();
data.addColumn('number', 'Number');
data.addColumn('string', 'Method');
data.addColumn('string', 'Class');
data.addColumn('number', 'Time (ms)');
data.addRows(16);
data.setCell(0, 0, 0)
data.setCell(0, 1, 'Login_Test')
data.setCell(0, 2, 'pcs.pom.testSuites.Login_TestSuite')
data.setCell(0, 3, 22711);
data.setCell(1, 0, 1)
data.setCell(1, 1, 'Login_Test')
data.setCell(1, 2, 'pcs.pom.testSuites.Login_TestSuite')
data.setCell(1, 3, 19336);
data.setCell(2, 0, 2)
data.setCell(2, 1, 'Login_Test')
data.setCell(2, 2, 'pcs.pom.testSuites.Login_TestSuite')
data.setCell(2, 3, 6244);
data.setCell(3, 0, 3)
data.setCell(3, 1, 'Login_Test')
data.setCell(3, 2, 'pcs.pom.testSuites.Login_TestSuite')
data.setCell(3, 3, 5896);
data.setCell(4, 0, 4)
data.setCell(4, 1, 'Login_Test')
data.setCell(4, 2, 'pcs.pom.testSuites.Login_TestSuite')
data.setCell(4, 3, 5506);
data.setCell(5, 0, 5)
data.setCell(5, 1, 'Login_Test')
data.setCell(5, 2, 'pcs.pom.testSuites.Login_TestSuite')
data.setCell(5, 3, 5028);
data.setCell(6, 0, 6)
data.setCell(6, 1, 'Login_Test')
data.setCell(6, 2, 'pcs.pom.testSuites.Login_TestSuite')
data.setCell(6, 3, 4976);
data.setCell(7, 0, 7)
data.setCell(7, 1, 'Login_Test')
data.setCell(7, 2, 'pcs.pom.testSuites.Login_TestSuite')
data.setCell(7, 3, 4976);
data.setCell(8, 0, 8)
data.setCell(8, 1, 'GetMethod_No_Params')
data.setCell(8, 2, 'pcs.api.Api_Param')
data.setCell(8, 3, 3902);
data.setCell(9, 0, 9)
data.setCell(9, 1, 'Get_With_Param')
data.setCell(9, 2, 'pcs.api.Api_Param')
data.setCell(9, 3, 697);
data.setCell(10, 0, 10)
data.setCell(10, 1, 'Get_With_Param')
data.setCell(10, 2, 'pcs.api.Api_Param')
data.setCell(10, 3, 446);
data.setCell(11, 0, 11)
data.setCell(11, 1, 'Get_With_Param')
data.setCell(11, 2, 'pcs.api.Api_Param')
data.setCell(11, 3, 426);
data.setCell(12, 0, 12)
data.setCell(12, 1, 'Get_With_Param')
data.setCell(12, 2, 'pcs.api.Api_Param')
data.setCell(12, 3, 396);
data.setCell(13, 0, 13)
data.setCell(13, 1, 'Get_With_Param')
data.setCell(13, 2, 'pcs.api.Api_Param')
data.setCell(13, 3, 378);
data.setCell(14, 0, 14)
data.setCell(14, 1, 'Get_With_Param')
data.setCell(14, 2, 'pcs.api.Api_Param')
data.setCell(14, 3, 229);
data.setCell(15, 0, 15)
data.setCell(15, 1, 'Get_With_Param')
data.setCell(15, 2, 'pcs.api.Api_Param')
data.setCell(15, 3, 221);
window.suiteTableData['PCS_Test_Suite']= { tableData: data, tableDiv: 'times-div-PCS_Test_Suite'}
return data;
}
              </script>
              <span class="suite-total-time">Total running time: 1 minutes</span>
              <div id="times-div-PCS_Test_Suite">
              </div> <!-- times-div-PCS_Test_Suite -->
            </div> <!-- times-div -->
          </div> <!-- main-panel-content rounded-window-bottom -->
        </div> <!-- panel -->
        <div panel-name="reporter-PCS_Test_Suite" class="panel">
          <div class="main-panel-header rounded-window-top">
            <span class="header-content">Reporter output for PCS_Test_Suite</span>
          </div> <!-- main-panel-header rounded-window-top -->
          <div class="main-panel-content rounded-window-bottom">
          </div> <!-- main-panel-content rounded-window-bottom -->
        </div> <!-- panel -->
        <div panel-name="ignored-methods-PCS_Test_Suite" class="panel">
          <div class="main-panel-header rounded-window-top">
            <span class="header-content">0 ignored methods</span>
          </div> <!-- main-panel-header rounded-window-top -->
          <div class="main-panel-content rounded-window-bottom">
          </div> <!-- main-panel-content rounded-window-bottom -->
        </div> <!-- panel -->
        <div panel-name="chronological-PCS_Test_Suite" class="panel">
          <div class="main-panel-header rounded-window-top">
            <span class="header-content">Methods in chronological order</span>
          </div> <!-- main-panel-header rounded-window-top -->
          <div class="main-panel-content rounded-window-bottom">
            <div class="chronological-class">
              <div class="chronological-class-name">pcs.pom.testSuites.Login_TestSuite</div> <!-- chronological-class-name -->
              <div class="configuration-test before">
                <span class="method-name">setUp(chrome, https://www.makaan.com)</span>
                <span class="method-start">0 ms</span>
              </div> <!-- configuration-test before -->
              <div class="test-method">
                <img src="failed.png">
                </img>
                <span class="method-name">Login_Test(, , Please provide a valid password (6-32 chars))</span>
                <span class="method-start">15164 ms</span>
              </div> <!-- test-method -->
              <div class="configuration-method after">
                <span class="method-name">getResult([TestResult name=Login_Test status=FAILURE method=Login_TestSuite.Login_Test(java.lang.String, java....)</span>
                <span class="method-start">37882 ms</span>
              </div> <!-- configuration-method after -->
              <div class="test-method">
                <span class="method-name">Login_Test(testuser_1@gmail.com, master, wrong credentials/password)</span>
                <span class="method-start">37892 ms</span>
              </div> <!-- test-method -->
              <div class="configuration-method after">
                <span class="method-name">getResult([TestResult name=Login_Test status=SUCCESS method=Login_TestSuite.Login_Test(java.lang.String, java....)</span>
                <span class="method-start">44137 ms</span>
              </div> <!-- configuration-method after -->
              <div class="test-method">
                <span class="method-name">Login_Test(testuser_2@gmail.com, Tes, wrong credentials/password)</span>
                <span class="method-start">44138 ms</span>
              </div> <!-- test-method -->
              <div class="configuration-method after">
                <span class="method-name">getResult([TestResult name=Login_Test status=SUCCESS method=Login_TestSuite.Login_Test(java.lang.String, java....)</span>
                <span class="method-start">49646 ms</span>
              </div> <!-- configuration-method after -->
              <div class="test-method">
                <span class="method-name">Login_Test(testuser_3@, Tes, wrong credentials/password)</span>
                <span class="method-start">49647 ms</span>
              </div> <!-- test-method -->
              <div class="test-method">
                <span class="method-name">Login_Test(***, master, wrong credentials/password)</span>
                <span class="method-start">55545 ms</span>
              </div> <!-- test-method -->
              <div class="configuration-method after">
                <span class="method-name">getResult([TestResult name=Login_Test status=SUCCESS method=Login_TestSuite.Login_Test(java.lang.String, java....)</span>
                <span class="method-start">55545 ms</span>
              </div> <!-- configuration-method after -->
              <div class="configuration-method after">
                <span class="method-name">getResult([TestResult name=Login_Test status=SUCCESS method=Login_TestSuite.Login_Test(java.lang.String, java....)</span>
                <span class="method-start">60574 ms</span>
              </div> <!-- configuration-method after -->
              <div class="test-method">
                <span class="method-name">Login_Test(---, master, wrong credentials/password)</span>
                <span class="method-start">60575 ms</span>
              </div> <!-- test-method -->
              <div class="configuration-method after">
                <span class="method-name">getResult([TestResult name=Login_Test status=SUCCESS method=Login_TestSuite.Login_Test(java.lang.String, java....)</span>
                <span class="method-start">65553 ms</span>
              </div> <!-- configuration-method after -->
              <div class="test-method">
                <img src="failed.png">
                </img>
                <span class="method-name">Login_Test(null, null, Please provide a valid password (6-32 chars))</span>
                <span class="method-start">65554 ms</span>
              </div> <!-- test-method -->
              <div class="configuration-method after">
                <span class="method-name">getResult([TestResult name=Login_Test status=FAILURE method=Login_TestSuite.Login_Test(java.lang.String, java....)</span>
                <span class="method-start">70533 ms</span>
              </div> <!-- configuration-method after -->
              <div class="test-method">
                <img src="failed.png">
                </img>
                <span class="method-name">Login_Test(vikasgarg.mgl@gmail.com, master1, Vikas Kumar)</span>
                <span class="method-start">70534 ms</span>
              </div> <!-- test-method -->
              <div class="configuration-method after">
                <span class="method-name">getResult([TestResult name=Login_Test status=FAILURE method=Login_TestSuite.Login_Test(java.lang.String, java....)</span>
                <span class="method-start">89872 ms</span>
              </div> <!-- configuration-method after -->
              <div class="configuration-test after">
                <span class="method-name">closeDriver</span>
                <span class="method-start">89904 ms</span>
              </div> <!-- configuration-test after -->
            </div> <!-- chronological-class -->
            <div class="chronological-class">
              <div class="chronological-class-name">pcs.api.Api_Param</div> <!-- chronological-class-name -->
              <div class="configuration-test before">
                <span class="method-name">Api_setUp</span>
                <span class="method-start">92645 ms</span>
              </div> <!-- configuration-test before -->
              <div class="test-method">
                <span class="method-name">GetMethod_No_Params</span>
                <span class="method-start">92700 ms</span>
              </div> <!-- test-method -->
              <div class="configuration-method after">
                <span class="method-name">getResult([TestResult name=GetMethod_No_Params status=SUCCESS method=Api_Param.GetMethod_No_Params()[pri:1, in...)</span>
                <span class="method-start">96603 ms</span>
              </div> <!-- configuration-method after -->
              <div class="test-method">
                <span class="method-name">Get_With_Param(t, Spiderman, y,  , plot, short, r, json, 200)</span>
                <span class="method-start">96605 ms</span>
              </div> <!-- test-method -->
              <div class="configuration-method after">
                <span class="method-name">getResult([TestResult name=Get_With_Param status=SUCCESS method=Api_Param.Get_With_Param(java.lang.String, jav...)</span>
                <span class="method-start">97304 ms</span>
              </div> <!-- configuration-method after -->
              <div class="test-method">
                <span class="method-name">Get_With_Param(t, , , r, plot, short, r, json, 200)</span>
                <span class="method-start">97305 ms</span>
              </div> <!-- test-method -->
              <div class="test-method">
                <img src="failed.png">
                </img>
                <span class="method-name">Get_With_Param(, , ,  , , , , , 400)</span>
                <span class="method-start">97733 ms</span>
              </div> <!-- test-method -->
              <div class="configuration-method after">
                <span class="method-name">getResult([TestResult name=Get_With_Param status=SUCCESS method=Api_Param.Get_With_Param(java.lang.String, jav...)</span>
                <span class="method-start">97733 ms</span>
              </div> <!-- configuration-method after -->
              <div class="configuration-method after">
                <span class="method-name">getResult([TestResult name=Get_With_Param status=FAILURE method=Api_Param.Get_With_Param(java.lang.String, jav...)</span>
                <span class="method-start">97957 ms</span>
              </div> <!-- configuration-method after -->
              <div class="test-method">
                <span class="method-name">Get_With_Param(t, Spiderman, ,  , , , , , 200)</span>
                <span class="method-start">97958 ms</span>
              </div> <!-- test-method -->
              <div class="test-method">
                <img src="failed.png">
                </img>
                <span class="method-name">Get_With_Param(, , y,  , , , , , 400)</span>
                <span class="method-start">98338 ms</span>
              </div> <!-- test-method -->
              <div class="configuration-method after">
                <span class="method-name">getResult([TestResult name=Get_With_Param status=SUCCESS method=Api_Param.Get_With_Param(java.lang.String, jav...)</span>
                <span class="method-start">98338 ms</span>
              </div> <!-- configuration-method after -->
              <div class="configuration-method after">
                <span class="method-name">getResult([TestResult name=Get_With_Param status=FAILURE method=Api_Param.Get_With_Param(java.lang.String, jav...)</span>
                <span class="method-start">98569 ms</span>
              </div> <!-- configuration-method after -->
              <div class="test-method">
                <span class="method-name">Get_With_Param(, , ,  , plot, short, , , 200)</span>
                <span class="method-start">98571 ms</span>
              </div> <!-- test-method -->
              <div class="configuration-method after">
                <span class="method-name">getResult([TestResult name=Get_With_Param status=SUCCESS method=Api_Param.Get_With_Param(java.lang.String, jav...)</span>
                <span class="method-start">98968 ms</span>
              </div> <!-- configuration-method after -->
              <div class="test-method">
                <span class="method-name">Get_With_Param(, , ,  , , , r, json, 200)</span>
                <span class="method-start">98969 ms</span>
              </div> <!-- test-method -->
              <div class="configuration-method after">
                <span class="method-name">getResult([TestResult name=Get_With_Param status=SUCCESS method=Api_Param.Get_With_Param(java.lang.String, jav...)</span>
                <span class="method-start">99418 ms</span>
              </div> <!-- configuration-method after -->
              <div class="configuration-test after">
                <span class="method-name">closeDriver</span>
                <span class="method-start">99419 ms</span>
              </div> <!-- configuration-test after -->
          </div> <!-- main-panel-content rounded-window-bottom -->
        </div> <!-- panel -->
      </div> <!-- main-panel-root -->
    </div> <!-- wrapper -->
  </body>
</html>
