<?xml version="1.0" encoding="UTF-8"?>
<testng-results skipped="0" failed="5" total="16" passed="11">
  <reporter-output>
  </reporter-output>
  <suite name="PCS_Test_Suite" duration-ms="99617" started-at="2017-10-12T02:04:55Z" finished-at="2017-10-12T02:06:35Z">
    <groups>
    </groups>
    <test name="UI_Login_Test" duration-ms="92539" started-at="2017-10-12T02:04:55Z" finished-at="2017-10-12T02:06:28Z">
      <class name="pcs.pom.testSuites.Login_TestSuite">
        <test-method status="PASS" signature="setUp(java.lang.String, java.lang.String)[pri:0, instance:pcs.pom.testSuites.Login_TestSuite@19f99ea]" name="setUp" is-config="true" duration-ms="15142" started-at="2017-10-12T07:34:55Z" finished-at="2017-10-12T07:35:10Z">
          <params>
            <param index="0">
              <value>
                <![CDATA[chrome]]>
              </value>
            </param>
            <param index="1">
              <value>
                <![CDATA[https://www.makaan.com]]>
              </value>
            </param>
          </params>
          <reporter-output>
          </reporter-output>
        </test-method> <!-- setUp -->
        <test-method status="FAIL" signature="Login_Test(java.lang.String, java.lang.String, java.lang.String)[pri:0, instance:pcs.pom.testSuites.Login_TestSuite@19f99ea]" name="Login_Test" duration-ms="22711" started-at="2017-10-12T07:35:10Z" data-provider="loginVerification" finished-at="2017-10-12T07:35:33Z">
          <params>
            <param index="0">
              <value>
                <![CDATA[]]>
              </value>
            </param>
            <param index="1">
              <value>
                <![CDATA[]]>
              </value>
            </param>
            <param index="2">
              <value>
                <![CDATA[Please provide a valid password (6-32 chars)]]>
              </value>
            </param>
          </params>
          <exception class="org.openqa.selenium.NoSuchElementException">
            <message>
              <![CDATA[no such element: Unable to locate element: {"method":"xpath","selector":"//div[@class='login-input-box error']//p[@class='error']"}
  (Session info: chrome=61.0.3163.100)
  (Driver info: chromedriver=2.29.461591 (62ebf098771772160f391d75e589dc567915b233),platform=Windows NT 10.0.15063 x86_64) (WARNING: The server did not provide any stacktrace information)
Command duration or timeout: 14.03 seconds
For documentation on this error, please visit: http://seleniumhq.org/exceptions/no_such_element.html
Build info: version: '3.4.0', revision: 'unknown', time: 'unknown'
System info: host: 'DESKTOP-0OUENT3', ip: '192.168.65.2', os.name: 'Windows 10', os.arch: 'x86', os.version: '10.0', java.version: '1.8.0_144'
Driver info: org.openqa.selenium.chrome.ChromeDriver
Capabilities [{applicationCacheEnabled=false, rotatable=false, mobileEmulationEnabled=false, networkConnectionEnabled=false, chrome={chromedriverVersion=2.29.461591 (62ebf098771772160f391d75e589dc567915b233), userDataDir=C:\Users\User\AppData\Local\Temp\scoped_dir11080_8054}, takesHeapSnapshot=true, pageLoadStrategy=normal, databaseEnabled=false, handlesAlerts=true, hasTouchScreen=false, version=61.0.3163.100, platform=XP, browserConnectionEnabled=false, nativeEvents=true, acceptSslCerts=true, locationContextEnabled=true, webStorageEnabled=true, browserName=chrome, takesScreenshot=true, javascriptEnabled=true, cssSelectorsEnabled=true, unexpectedAlertBehaviour=}]
Session ID: f425aad159ddf8fe37ace86da904a0d3
*** Element info: {Using=xpath, value=//div[@class='login-input-box error']//p[@class='error']}]]>
            </message>
            <full-stacktrace>
              <![CDATA[org.openqa.selenium.NoSuchElementException: no such element: Unable to locate element: {"method":"xpath","selector":"//div[@class='login-input-box error']//p[@class='error']"}
  (Session info: chrome=61.0.3163.100)
  (Driver info: chromedriver=2.29.461591 (62ebf098771772160f391d75e589dc567915b233),platform=Windows NT 10.0.15063 x86_64) (WARNING: The server did not provide any stacktrace information)
Command duration or timeout: 14.03 seconds
For documentation on this error, please visit: http://seleniumhq.org/exceptions/no_such_element.html
Build info: version: '3.4.0', revision: 'unknown', time: 'unknown'
System info: host: 'DESKTOP-0OUENT3', ip: '192.168.65.2', os.name: 'Windows 10', os.arch: 'x86', os.version: '10.0', java.version: '1.8.0_144'
Driver info: org.openqa.selenium.chrome.ChromeDriver
Capabilities [{applicationCacheEnabled=false, rotatable=false, mobileEmulationEnabled=false, networkConnectionEnabled=false, chrome={chromedriverVersion=2.29.461591 (62ebf098771772160f391d75e589dc567915b233), userDataDir=C:\Users\User\AppData\Local\Temp\scoped_dir11080_8054}, takesHeapSnapshot=true, pageLoadStrategy=normal, databaseEnabled=false, handlesAlerts=true, hasTouchScreen=false, version=61.0.3163.100, platform=XP, browserConnectionEnabled=false, nativeEvents=true, acceptSslCerts=true, locationContextEnabled=true, webStorageEnabled=true, browserName=chrome, takesScreenshot=true, javascriptEnabled=true, cssSelectorsEnabled=true, unexpectedAlertBehaviour=}]
Session ID: f425aad159ddf8fe37ace86da904a0d3
*** Element info: {Using=xpath, value=//div[@class='login-input-box error']//p[@class='error']}
	at sun.reflect.NativeConstructorAccessorImpl.newInstance0(Native Method)
	at sun.reflect.NativeConstructorAccessorImpl.newInstance(Unknown Source)
	at sun.reflect.DelegatingConstructorAccessorImpl.newInstance(Unknown Source)
	at java.lang.reflect.Constructor.newInstance(Unknown Source)
	at org.openqa.selenium.remote.ErrorHandler.createThrowable(ErrorHandler.java:215)
	at org.openqa.selenium.remote.ErrorHandler.throwIfResponseFailed(ErrorHandler.java:167)
	at org.openqa.selenium.remote.RemoteWebDriver.execute(RemoteWebDriver.java:671)
	at org.openqa.selenium.remote.RemoteWebDriver.findElement(RemoteWebDriver.java:410)
	at org.openqa.selenium.remote.RemoteWebDriver.findElementByXPath(RemoteWebDriver.java:509)
	at org.openqa.selenium.By$ByXPath.findElement(By.java:361)
	at org.openqa.selenium.remote.RemoteWebDriver.findElement(RemoteWebDriver.java:402)
	at org.openqa.selenium.support.pagefactory.DefaultElementLocator.findElement(DefaultElementLocator.java:69)
	at org.openqa.selenium.support.pagefactory.internal.LocatingElementHandler.invoke(LocatingElementHandler.java:38)
	at com.sun.proxy.$Proxy9.isDisplayed(Unknown Source)
	at pcs.pom.gui.Login_POM.LogIn_Test(Login_POM.java:78)
	at pcs.pom.testSuites.Login_TestSuite.Login_Test(Login_TestSuite.java:108)
	at sun.reflect.NativeMethodAccessorImpl.invoke0(Native Method)
	at sun.reflect.NativeMethodAccessorImpl.invoke(Unknown Source)
	at sun.reflect.DelegatingMethodAccessorImpl.invoke(Unknown Source)
	at java.lang.reflect.Method.invoke(Unknown Source)
	at org.testng.internal.MethodInvocationHelper.invokeMethod(MethodInvocationHelper.java:85)
	at org.testng.internal.Invoker.invokeMethod(Invoker.java:639)
	at org.testng.internal.Invoker.invokeTestMethod(Invoker.java:816)
	at org.testng.internal.Invoker.invokeTestMethods(Invoker.java:1124)
	at org.testng.internal.TestMethodWorker.invokeTestMethods(TestMethodWorker.java:125)
	at org.testng.internal.TestMethodWorker.run(TestMethodWorker.java:108)
	at org.testng.TestRunner.privateRun(TestRunner.java:774)
	at org.testng.TestRunner.run(TestRunner.java:624)
	at org.testng.SuiteRunner.runTest(SuiteRunner.java:359)
	at org.testng.SuiteRunner.runSequentially(SuiteRunner.java:354)
	at org.testng.SuiteRunner.privateRun(SuiteRunner.java:312)
	at org.testng.SuiteRunner.run(SuiteRunner.java:261)
	at org.testng.SuiteRunnerWorker.runSuite(SuiteRunnerWorker.java:52)
	at org.testng.SuiteRunnerWorker.run(SuiteRunnerWorker.java:86)
	at org.testng.TestNG.runSuitesSequentially(TestNG.java:1215)
	at org.testng.TestNG.runSuitesLocally(TestNG.java:1140)
	at org.testng.TestNG.run(TestNG.java:1048)
	at org.testng.remote.AbstractRemoteTestNG.run(AbstractRemoteTestNG.java:132)
	at org.testng.remote.RemoteTestNG.initAndRun(RemoteTestNG.java:236)
	at org.testng.remote.RemoteTestNG.main(RemoteTestNG.java:81)
]]>
            </full-stacktrace>
          </exception> <!-- org.openqa.selenium.NoSuchElementException -->
          <reporter-output>
          </reporter-output>
        </test-method> <!-- Login_Test -->
        <test-method status="PASS" signature="getResult(org.testng.ITestResult)[pri:0, instance:pcs.pom.testSuites.Login_TestSuite@19f99ea]" name="getResult" is-config="true" duration-ms="10" started-at="2017-10-12T07:35:33Z" finished-at="2017-10-12T07:35:33Z">
          <params>
            <param index="0">
              <value>
                <![CDATA[[TestResult name=Login_Test status=FAILURE method=Login_TestSuite.Login_Test(java.lang.String, java.lang.String, java.lang.String)[pri:0, instance:pcs.pom.testSuites.Login_TestSuite@19f99ea] output={null}]]]>
              </value>
            </param>
          </params>
          <reporter-output>
          </reporter-output>
        </test-method> <!-- getResult -->
        <test-method status="PASS" signature="Login_Test(java.lang.String, java.lang.String, java.lang.String)[pri:0, instance:pcs.pom.testSuites.Login_TestSuite@19f99ea]" name="Login_Test" duration-ms="6244" started-at="2017-10-12T07:35:33Z" data-provider="loginVerification" finished-at="2017-10-12T07:35:39Z">
          <params>
            <param index="0">
              <value>
                <![CDATA[testuser_1@gmail.com]]>
              </value>
            </param>
            <param index="1">
              <value>
                <![CDATA[master]]>
              </value>
            </param>
            <param index="2">
              <value>
                <![CDATA[wrong credentials/password]]>
              </value>
            </param>
          </params>
          <reporter-output>
          </reporter-output>
        </test-method> <!-- Login_Test -->
        <test-method status="PASS" signature="getResult(org.testng.ITestResult)[pri:0, instance:pcs.pom.testSuites.Login_TestSuite@19f99ea]" name="getResult" is-config="true" duration-ms="0" started-at="2017-10-12T07:35:39Z" finished-at="2017-10-12T07:35:39Z">
          <params>
            <param index="0">
              <value>
                <![CDATA[[TestResult name=Login_Test status=SUCCESS method=Login_TestSuite.Login_Test(java.lang.String, java.lang.String, java.lang.String)[pri:0, instance:pcs.pom.testSuites.Login_TestSuite@19f99ea] output={null}]]]>
              </value>
            </param>
          </params>
          <reporter-output>
          </reporter-output>
        </test-method> <!-- getResult -->
        <test-method status="PASS" signature="Login_Test(java.lang.String, java.lang.String, java.lang.String)[pri:0, instance:pcs.pom.testSuites.Login_TestSuite@19f99ea]" name="Login_Test" duration-ms="5506" started-at="2017-10-12T07:35:39Z" data-provider="loginVerification" finished-at="2017-10-12T07:35:45Z">
          <params>
            <param index="0">
              <value>
                <![CDATA[testuser_2@gmail.com]]>
              </value>
            </param>
            <param index="1">
              <value>
                <![CDATA[Tes]]>
              </value>
            </param>
            <param index="2">
              <value>
                <![CDATA[wrong credentials/password]]>
              </value>
            </param>
          </params>
          <reporter-output>
          </reporter-output>
        </test-method> <!-- Login_Test -->
        <test-method status="PASS" signature="getResult(org.testng.ITestResult)[pri:0, instance:pcs.pom.testSuites.Login_TestSuite@19f99ea]" name="getResult" is-config="true" duration-ms="1" started-at="2017-10-12T07:35:45Z" finished-at="2017-10-12T07:35:45Z">
          <params>
            <param index="0">
              <value>
                <![CDATA[[TestResult name=Login_Test status=SUCCESS method=Login_TestSuite.Login_Test(java.lang.String, java.lang.String, java.lang.String)[pri:0, instance:pcs.pom.testSuites.Login_TestSuite@19f99ea] output={null}]]]>
              </value>
            </param>
          </params>
          <reporter-output>
          </reporter-output>
        </test-method> <!-- getResult -->
        <test-method status="PASS" signature="Login_Test(java.lang.String, java.lang.String, java.lang.String)[pri:0, instance:pcs.pom.testSuites.Login_TestSuite@19f99ea]" name="Login_Test" duration-ms="5896" started-at="2017-10-12T07:35:45Z" data-provider="loginVerification" finished-at="2017-10-12T07:35:51Z">
          <params>
            <param index="0">
              <value>
                <![CDATA[testuser_3@]]>
              </value>
            </param>
            <param index="1">
              <value>
                <![CDATA[Tes]]>
              </value>
            </param>
            <param index="2">
              <value>
                <![CDATA[wrong credentials/password]]>
              </value>
            </param>
          </params>
          <reporter-output>
          </reporter-output>
        </test-method> <!-- Login_Test -->
        <test-method status="PASS" signature="getResult(org.testng.ITestResult)[pri:0, instance:pcs.pom.testSuites.Login_TestSuite@19f99ea]" name="getResult" is-config="true" duration-ms="0" started-at="2017-10-12T07:35:51Z" finished-at="2017-10-12T07:35:51Z">
          <params>
            <param index="0">
              <value>
                <![CDATA[[TestResult name=Login_Test status=SUCCESS method=Login_TestSuite.Login_Test(java.lang.String, java.lang.String, java.lang.String)[pri:0, instance:pcs.pom.testSuites.Login_TestSuite@19f99ea] output={null}]]]>
              </value>
            </param>
          </params>
          <reporter-output>
          </reporter-output>
        </test-method> <!-- getResult -->
        <test-method status="PASS" signature="Login_Test(java.lang.String, java.lang.String, java.lang.String)[pri:0, instance:pcs.pom.testSuites.Login_TestSuite@19f99ea]" name="Login_Test" duration-ms="5028" started-at="2017-10-12T07:35:51Z" data-provider="loginVerification" finished-at="2017-10-12T07:35:56Z">
          <params>
            <param index="0">
              <value>
                <![CDATA[***]]>
              </value>
            </param>
            <param index="1">
              <value>
                <![CDATA[master]]>
              </value>
            </param>
            <param index="2">
              <value>
                <![CDATA[wrong credentials/password]]>
              </value>
            </param>
          </params>
          <reporter-output>
          </reporter-output>
        </test-method> <!-- Login_Test -->
        <test-method status="PASS" signature="getResult(org.testng.ITestResult)[pri:0, instance:pcs.pom.testSuites.Login_TestSuite@19f99ea]" name="getResult" is-config="true" duration-ms="1" started-at="2017-10-12T07:35:56Z" finished-at="2017-10-12T07:35:56Z">
          <params>
            <param index="0">
              <value>
                <![CDATA[[TestResult name=Login_Test status=SUCCESS method=Login_TestSuite.Login_Test(java.lang.String, java.lang.String, java.lang.String)[pri:0, instance:pcs.pom.testSuites.Login_TestSuite@19f99ea] output={null}]]]>
              </value>
            </param>
          </params>
          <reporter-output>
          </reporter-output>
        </test-method> <!-- getResult -->
        <test-method status="PASS" signature="Login_Test(java.lang.String, java.lang.String, java.lang.String)[pri:0, instance:pcs.pom.testSuites.Login_TestSuite@19f99ea]" name="Login_Test" duration-ms="4976" started-at="2017-10-12T07:35:56Z" data-provider="loginVerification" finished-at="2017-10-12T07:36:01Z">
          <params>
            <param index="0">
              <value>
                <![CDATA[---]]>
              </value>
            </param>
            <param index="1">
              <value>
                <![CDATA[master]]>
              </value>
            </param>
            <param index="2">
              <value>
                <![CDATA[wrong credentials/password]]>
              </value>
            </param>
          </params>
          <reporter-output>
          </reporter-output>
        </test-method> <!-- Login_Test -->
        <test-method status="PASS" signature="getResult(org.testng.ITestResult)[pri:0, instance:pcs.pom.testSuites.Login_TestSuite@19f99ea]" name="getResult" is-config="true" duration-ms="1" started-at="2017-10-12T07:36:01Z" finished-at="2017-10-12T07:36:01Z">
          <params>
            <param index="0">
              <value>
                <![CDATA[[TestResult name=Login_Test status=SUCCESS method=Login_TestSuite.Login_Test(java.lang.String, java.lang.String, java.lang.String)[pri:0, instance:pcs.pom.testSuites.Login_TestSuite@19f99ea] output={null}]]]>
              </value>
            </param>
          </params>
          <reporter-output>
          </reporter-output>
        </test-method> <!-- getResult -->
        <test-method status="FAIL" signature="Login_Test(java.lang.String, java.lang.String, java.lang.String)[pri:0, instance:pcs.pom.testSuites.Login_TestSuite@19f99ea]" name="Login_Test" duration-ms="4976" started-at="2017-10-12T07:36:01Z" data-provider="loginVerification" finished-at="2017-10-12T07:36:06Z">
          <params>
            <param index="0">
              <value>
                <![CDATA[null]]>
              </value>
            </param>
            <param index="1">
              <value>
                <![CDATA[null]]>
              </value>
            </param>
            <param index="2">
              <value>
                <![CDATA[Please provide a valid password (6-32 chars)]]>
              </value>
            </param>
          </params>
          <exception class="java.lang.AssertionError">
            <message>
              <![CDATA[The following asserts failed:
	Failed expected [Please provide a valid password (6-32 chars)] but found [wrong credentials/password]]]>
            </message>
            <full-stacktrace>
              <![CDATA[java.lang.AssertionError: The following asserts failed:
	Failed expected [Please provide a valid password (6-32 chars)] but found [wrong credentials/password]
	at org.testng.asserts.SoftAssert.assertAll(SoftAssert.java:43)
	at pcs.pom.testSuites.Login_TestSuite.Login_Test(Login_TestSuite.java:112)
	at sun.reflect.NativeMethodAccessorImpl.invoke0(Native Method)
	at sun.reflect.NativeMethodAccessorImpl.invoke(Unknown Source)
	at sun.reflect.DelegatingMethodAccessorImpl.invoke(Unknown Source)
	at java.lang.reflect.Method.invoke(Unknown Source)
	at org.testng.internal.MethodInvocationHelper.invokeMethod(MethodInvocationHelper.java:85)
	at org.testng.internal.Invoker.invokeMethod(Invoker.java:639)
	at org.testng.internal.Invoker.invokeTestMethod(Invoker.java:816)
	at org.testng.internal.Invoker.invokeTestMethods(Invoker.java:1124)
	at org.testng.internal.TestMethodWorker.invokeTestMethods(TestMethodWorker.java:125)
	at org.testng.internal.TestMethodWorker.run(TestMethodWorker.java:108)
	at org.testng.TestRunner.privateRun(TestRunner.java:774)
	at org.testng.TestRunner.run(TestRunner.java:624)
	at org.testng.SuiteRunner.runTest(SuiteRunner.java:359)
	at org.testng.SuiteRunner.runSequentially(SuiteRunner.java:354)
	at org.testng.SuiteRunner.privateRun(SuiteRunner.java:312)
	at org.testng.SuiteRunner.run(SuiteRunner.java:261)
	at org.testng.SuiteRunnerWorker.runSuite(SuiteRunnerWorker.java:52)
	at org.testng.SuiteRunnerWorker.run(SuiteRunnerWorker.java:86)
	at org.testng.TestNG.runSuitesSequentially(TestNG.java:1215)
	at org.testng.TestNG.runSuitesLocally(TestNG.java:1140)
	at org.testng.TestNG.run(TestNG.java:1048)
	at org.testng.remote.AbstractRemoteTestNG.run(AbstractRemoteTestNG.java:132)
	at org.testng.remote.RemoteTestNG.initAndRun(RemoteTestNG.java:236)
	at org.testng.remote.RemoteTestNG.main(RemoteTestNG.java:81)
]]>
            </full-stacktrace>
          </exception> <!-- java.lang.AssertionError -->
          <reporter-output>
          </reporter-output>
        </test-method> <!-- Login_Test -->
        <test-method status="PASS" signature="getResult(org.testng.ITestResult)[pri:0, instance:pcs.pom.testSuites.Login_TestSuite@19f99ea]" name="getResult" is-config="true" duration-ms="1" started-at="2017-10-12T07:36:06Z" finished-at="2017-10-12T07:36:06Z">
          <params>
            <param index="0">
              <value>
                <![CDATA[[TestResult name=Login_Test status=FAILURE method=Login_TestSuite.Login_Test(java.lang.String, java.lang.String, java.lang.String)[pri:0, instance:pcs.pom.testSuites.Login_TestSuite@19f99ea] output={null}]]]>
              </value>
            </param>
          </params>
          <reporter-output>
          </reporter-output>
        </test-method> <!-- getResult -->
        <test-method status="FAIL" signature="Login_Test(java.lang.String, java.lang.String, java.lang.String)[pri:0, instance:pcs.pom.testSuites.Login_TestSuite@19f99ea]" name="Login_Test" duration-ms="19336" started-at="2017-10-12T07:36:06Z" data-provider="loginVerification" finished-at="2017-10-12T07:36:25Z">
          <params>
            <param index="0">
              <value>
                <![CDATA[vikasgarg.mgl@gmail.com]]>
              </value>
            </param>
            <param index="1">
              <value>
                <![CDATA[master1]]>
              </value>
            </param>
            <param index="2">
              <value>
                <![CDATA[Vikas Kumar]]>
              </value>
            </param>
          </params>
          <exception class="org.openqa.selenium.NoSuchElementException">
            <message>
              <![CDATA[no such element: Unable to locate element: {"method":"xpath","selector":"(//div[@class='mian-field-box']/p)[1]"}
  (Session info: chrome=61.0.3163.100)
  (Driver info: chromedriver=2.29.461591 (62ebf098771772160f391d75e589dc567915b233),platform=Windows NT 10.0.15063 x86_64) (WARNING: The server did not provide any stacktrace information)
Command duration or timeout: 14.04 seconds
For documentation on this error, please visit: http://seleniumhq.org/exceptions/no_such_element.html
Build info: version: '3.4.0', revision: 'unknown', time: 'unknown'
System info: host: 'DESKTOP-0OUENT3', ip: '192.168.65.2', os.name: 'Windows 10', os.arch: 'x86', os.version: '10.0', java.version: '1.8.0_144'
Driver info: org.openqa.selenium.chrome.ChromeDriver
Capabilities [{applicationCacheEnabled=false, rotatable=false, mobileEmulationEnabled=false, networkConnectionEnabled=false, chrome={chromedriverVersion=2.29.461591 (62ebf098771772160f391d75e589dc567915b233), userDataDir=C:\Users\User\AppData\Local\Temp\scoped_dir11080_8054}, takesHeapSnapshot=true, pageLoadStrategy=normal, databaseEnabled=false, handlesAlerts=true, hasTouchScreen=false, version=61.0.3163.100, platform=XP, browserConnectionEnabled=false, nativeEvents=true, acceptSslCerts=true, locationContextEnabled=true, webStorageEnabled=true, browserName=chrome, takesScreenshot=true, javascriptEnabled=true, cssSelectorsEnabled=true, unexpectedAlertBehaviour=}]
Session ID: f425aad159ddf8fe37ace86da904a0d3
*** Element info: {Using=xpath, value=(//div[@class='mian-field-box']/p)[1]}]]>
            </message>
            <full-stacktrace>
              <![CDATA[org.openqa.selenium.NoSuchElementException: no such element: Unable to locate element: {"method":"xpath","selector":"(//div[@class='mian-field-box']/p)[1]"}
  (Session info: chrome=61.0.3163.100)
  (Driver info: chromedriver=2.29.461591 (62ebf098771772160f391d75e589dc567915b233),platform=Windows NT 10.0.15063 x86_64) (WARNING: The server did not provide any stacktrace information)
Command duration or timeout: 14.04 seconds
For documentation on this error, please visit: http://seleniumhq.org/exceptions/no_such_element.html
Build info: version: '3.4.0', revision: 'unknown', time: 'unknown'
System info: host: 'DESKTOP-0OUENT3', ip: '192.168.65.2', os.name: 'Windows 10', os.arch: 'x86', os.version: '10.0', java.version: '1.8.0_144'
Driver info: org.openqa.selenium.chrome.ChromeDriver
Capabilities [{applicationCacheEnabled=false, rotatable=false, mobileEmulationEnabled=false, networkConnectionEnabled=false, chrome={chromedriverVersion=2.29.461591 (62ebf098771772160f391d75e589dc567915b233), userDataDir=C:\Users\User\AppData\Local\Temp\scoped_dir11080_8054}, takesHeapSnapshot=true, pageLoadStrategy=normal, databaseEnabled=false, handlesAlerts=true, hasTouchScreen=false, version=61.0.3163.100, platform=XP, browserConnectionEnabled=false, nativeEvents=true, acceptSslCerts=true, locationContextEnabled=true, webStorageEnabled=true, browserName=chrome, takesScreenshot=true, javascriptEnabled=true, cssSelectorsEnabled=true, unexpectedAlertBehaviour=}]
Session ID: f425aad159ddf8fe37ace86da904a0d3
*** Element info: {Using=xpath, value=(//div[@class='mian-field-box']/p)[1]}
	at sun.reflect.NativeConstructorAccessorImpl.newInstance0(Native Method)
	at sun.reflect.NativeConstructorAccessorImpl.newInstance(Unknown Source)
	at sun.reflect.DelegatingConstructorAccessorImpl.newInstance(Unknown Source)
	at java.lang.reflect.Constructor.newInstance(Unknown Source)
	at org.openqa.selenium.remote.ErrorHandler.createThrowable(ErrorHandler.java:215)
	at org.openqa.selenium.remote.ErrorHandler.throwIfResponseFailed(ErrorHandler.java:167)
	at org.openqa.selenium.remote.RemoteWebDriver.execute(RemoteWebDriver.java:671)
	at org.openqa.selenium.remote.RemoteWebDriver.findElement(RemoteWebDriver.java:410)
	at org.openqa.selenium.remote.RemoteWebDriver.findElementByXPath(RemoteWebDriver.java:509)
	at org.openqa.selenium.By$ByXPath.findElement(By.java:361)
	at org.openqa.selenium.remote.RemoteWebDriver.findElement(RemoteWebDriver.java:402)
	at org.openqa.selenium.support.pagefactory.DefaultElementLocator.findElement(DefaultElementLocator.java:69)
	at org.openqa.selenium.support.pagefactory.internal.LocatingElementHandler.invoke(LocatingElementHandler.java:38)
	at com.sun.proxy.$Proxy9.isDisplayed(Unknown Source)
	at pcs.pom.gui.Login_POM.LogIn_Test(Login_POM.java:75)
	at pcs.pom.testSuites.Login_TestSuite.Login_Test(Login_TestSuite.java:108)
	at sun.reflect.NativeMethodAccessorImpl.invoke0(Native Method)
	at sun.reflect.NativeMethodAccessorImpl.invoke(Unknown Source)
	at sun.reflect.DelegatingMethodAccessorImpl.invoke(Unknown Source)
	at java.lang.reflect.Method.invoke(Unknown Source)
	at org.testng.internal.MethodInvocationHelper.invokeMethod(MethodInvocationHelper.java:85)
	at org.testng.internal.Invoker.invokeMethod(Invoker.java:639)
	at org.testng.internal.Invoker.invokeTestMethod(Invoker.java:816)
	at org.testng.internal.Invoker.invokeTestMethods(Invoker.java:1124)
	at org.testng.internal.TestMethodWorker.invokeTestMethods(TestMethodWorker.java:125)
	at org.testng.internal.TestMethodWorker.run(TestMethodWorker.java:108)
	at org.testng.TestRunner.privateRun(TestRunner.java:774)
	at org.testng.TestRunner.run(TestRunner.java:624)
	at org.testng.SuiteRunner.runTest(SuiteRunner.java:359)
	at org.testng.SuiteRunner.runSequentially(SuiteRunner.java:354)
	at org.testng.SuiteRunner.privateRun(SuiteRunner.java:312)
	at org.testng.SuiteRunner.run(SuiteRunner.java:261)
	at org.testng.SuiteRunnerWorker.runSuite(SuiteRunnerWorker.java:52)
	at org.testng.SuiteRunnerWorker.run(SuiteRunnerWorker.java:86)
	at org.testng.TestNG.runSuitesSequentially(TestNG.java:1215)
	at org.testng.TestNG.runSuitesLocally(TestNG.java:1140)
	at org.testng.TestNG.run(TestNG.java:1048)
	at org.testng.remote.AbstractRemoteTestNG.run(AbstractRemoteTestNG.java:132)
	at org.testng.remote.RemoteTestNG.initAndRun(RemoteTestNG.java:236)
	at org.testng.remote.RemoteTestNG.main(RemoteTestNG.java:81)
]]>
            </full-stacktrace>
          </exception> <!-- org.openqa.selenium.NoSuchElementException -->
          <reporter-output>
          </reporter-output>
        </test-method> <!-- Login_Test -->
        <test-method status="PASS" signature="getResult(org.testng.ITestResult)[pri:0, instance:pcs.pom.testSuites.Login_TestSuite@19f99ea]" name="getResult" is-config="true" duration-ms="2" started-at="2017-10-12T07:36:25Z" finished-at="2017-10-12T07:36:25Z">
          <params>
            <param index="0">
              <value>
                <![CDATA[[TestResult name=Login_Test status=FAILURE method=Login_TestSuite.Login_Test(java.lang.String, java.lang.String, java.lang.String)[pri:0, instance:pcs.pom.testSuites.Login_TestSuite@19f99ea] output={null}]]]>
              </value>
            </param>
          </params>
          <reporter-output>
          </reporter-output>
        </test-method> <!-- getResult -->
        <test-method status="PASS" signature="closeDriver()[pri:0, instance:pcs.pom.testSuites.Login_TestSuite@19f99ea]" name="closeDriver" is-config="true" duration-ms="2629" started-at="2017-10-12T07:36:25Z" finished-at="2017-10-12T07:36:28Z">
          <reporter-output>
          </reporter-output>
        </test-method> <!-- closeDriver -->
      </class> <!-- pcs.pom.testSuites.Login_TestSuite -->
    </test> <!-- UI_Login_Test -->
    <test name="API_Test" duration-ms="6968" started-at="2017-10-12T02:06:28Z" finished-at="2017-10-12T02:06:35Z">
      <class name="pcs.api.Api_Param">
        <test-method status="PASS" signature="Api_setUp()[pri:0, instance:pcs.api.Api_Param@42a311]" name="Api_setUp" is-config="true" duration-ms="54" started-at="2017-10-12T07:36:28Z" finished-at="2017-10-12T07:36:28Z">
          <reporter-output>
          </reporter-output>
        </test-method> <!-- Api_setUp -->
        <test-method status="PASS" signature="GetMethod_No_Params()[pri:1, instance:pcs.api.Api_Param@42a311]" name="GetMethod_No_Params" duration-ms="3902" started-at="2017-10-12T07:36:28Z" finished-at="2017-10-12T07:36:32Z">
          <reporter-output>
          </reporter-output>
        </test-method> <!-- GetMethod_No_Params -->
        <test-method status="PASS" signature="getResult(org.testng.ITestResult)[pri:0, instance:pcs.api.Api_Param@42a311]" name="getResult" is-config="true" duration-ms="1" started-at="2017-10-12T07:36:32Z" finished-at="2017-10-12T07:36:32Z">
          <params>
            <param index="0">
              <value>
                <![CDATA[[TestResult name=GetMethod_No_Params status=SUCCESS method=Api_Param.GetMethod_No_Params()[pri:1, instance:pcs.api.Api_Param@42a311] output={null}]]]>
              </value>
            </param>
          </params>
          <reporter-output>
          </reporter-output>
        </test-method> <!-- getResult -->
        <test-method status="PASS" signature="Get_With_Param(java.lang.String, java.lang.String, java.lang.String, java.lang.String, java.lang.String, java.lang.String, java.lang.String, java.lang.String, int)[pri:2, instance:pcs.api.Api_Param@42a311]" name="Get_With_Param" duration-ms="697" started-at="2017-10-12T07:36:32Z" data-provider="apitestdata" finished-at="2017-10-12T07:36:33Z">
          <params>
            <param index="0">
              <value>
                <![CDATA[t]]>
              </value>
            </param>
            <param index="1">
              <value>
                <![CDATA[Spiderman]]>
              </value>
            </param>
            <param index="2">
              <value>
                <![CDATA[y]]>
              </value>
            </param>
            <param index="3">
              <value>
                <![CDATA[ ]]>
              </value>
            </param>
            <param index="4">
              <value>
                <![CDATA[plot]]>
              </value>
            </param>
            <param index="5">
              <value>
                <![CDATA[short]]>
              </value>
            </param>
            <param index="6">
              <value>
                <![CDATA[r]]>
              </value>
            </param>
            <param index="7">
              <value>
                <![CDATA[json]]>
              </value>
            </param>
            <param index="8">
              <value>
                <![CDATA[200]]>
              </value>
            </param>
          </params>
          <reporter-output>
          </reporter-output>
        </test-method> <!-- Get_With_Param -->
        <test-method status="PASS" signature="getResult(org.testng.ITestResult)[pri:0, instance:pcs.api.Api_Param@42a311]" name="getResult" is-config="true" duration-ms="0" started-at="2017-10-12T07:36:33Z" finished-at="2017-10-12T07:36:33Z">
          <params>
            <param index="0">
              <value>
                <![CDATA[[TestResult name=Get_With_Param status=SUCCESS method=Api_Param.Get_With_Param(java.lang.String, java.lang.String, java.lang.String, java.lang.String, java.lang.String, java.lang.String, java.lang.String, java.lang.String, int)[pri:2, instance:pcs.api.Api_Param@42a311] output={null}]]]>
              </value>
            </param>
          </params>
          <reporter-output>
          </reporter-output>
        </test-method> <!-- getResult -->
        <test-method status="PASS" signature="Get_With_Param(java.lang.String, java.lang.String, java.lang.String, java.lang.String, java.lang.String, java.lang.String, java.lang.String, java.lang.String, int)[pri:2, instance:pcs.api.Api_Param@42a311]" name="Get_With_Param" duration-ms="426" started-at="2017-10-12T07:36:33Z" data-provider="apitestdata" finished-at="2017-10-12T07:36:33Z">
          <params>
            <param index="0">
              <value>
                <![CDATA[t]]>
              </value>
            </param>
            <param index="1">
              <value>
                <![CDATA[]]>
              </value>
            </param>
            <param index="2">
              <value>
                <![CDATA[]]>
              </value>
            </param>
            <param index="3">
              <value>
                <![CDATA[r]]>
              </value>
            </param>
            <param index="4">
              <value>
                <![CDATA[plot]]>
              </value>
            </param>
            <param index="5">
              <value>
                <![CDATA[short]]>
              </value>
            </param>
            <param index="6">
              <value>
                <![CDATA[r]]>
              </value>
            </param>
            <param index="7">
              <value>
                <![CDATA[json]]>
              </value>
            </param>
            <param index="8">
              <value>
                <![CDATA[200]]>
              </value>
            </param>
          </params>
          <reporter-output>
          </reporter-output>
        </test-method> <!-- Get_With_Param -->
        <test-method status="PASS" signature="getResult(org.testng.ITestResult)[pri:0, instance:pcs.api.Api_Param@42a311]" name="getResult" is-config="true" duration-ms="0" started-at="2017-10-12T07:36:33Z" finished-at="2017-10-12T07:36:33Z">
          <params>
            <param index="0">
              <value>
                <![CDATA[[TestResult name=Get_With_Param status=SUCCESS method=Api_Param.Get_With_Param(java.lang.String, java.lang.String, java.lang.String, java.lang.String, java.lang.String, java.lang.String, java.lang.String, java.lang.String, int)[pri:2, instance:pcs.api.Api_Param@42a311] output={null}]]]>
              </value>
            </param>
          </params>
          <reporter-output>
          </reporter-output>
        </test-method> <!-- getResult -->
        <test-method status="FAIL" signature="Get_With_Param(java.lang.String, java.lang.String, java.lang.String, java.lang.String, java.lang.String, java.lang.String, java.lang.String, java.lang.String, int)[pri:2, instance:pcs.api.Api_Param@42a311]" name="Get_With_Param" duration-ms="221" started-at="2017-10-12T07:36:33Z" data-provider="apitestdata" finished-at="2017-10-12T07:36:33Z">
          <params>
            <param index="0">
              <value>
                <![CDATA[]]>
              </value>
            </param>
            <param index="1">
              <value>
                <![CDATA[]]>
              </value>
            </param>
            <param index="2">
              <value>
                <![CDATA[]]>
              </value>
            </param>
            <param index="3">
              <value>
                <![CDATA[ ]]>
              </value>
            </param>
            <param index="4">
              <value>
                <![CDATA[]]>
              </value>
            </param>
            <param index="5">
              <value>
                <![CDATA[]]>
              </value>
            </param>
            <param index="6">
              <value>
                <![CDATA[]]>
              </value>
            </param>
            <param index="7">
              <value>
                <![CDATA[]]>
              </value>
            </param>
            <param index="8">
              <value>
                <![CDATA[400]]>
              </value>
            </param>
          </params>
          <exception class="java.lang.NoSuchMethodError">
            <message>
              <![CDATA[org.hamcrest.Matcher.describeMismatch(Ljava/lang/Object;Lorg/hamcrest/Description;)V]]>
            </message>
            <full-stacktrace>
              <![CDATA[java.lang.NoSuchMethodError: org.hamcrest.Matcher.describeMismatch(Ljava/lang/Object;Lorg/hamcrest/Description;)V
	at io.restassured.internal.util.MatcherErrorMessageBuilder.buildError(MatcherErrorMessageBuilder.java:19)
	at io.restassured.internal.util.MatcherErrorMessageBuilder$buildError.call(Unknown Source)
	at org.codehaus.groovy.runtime.callsite.CallSiteArray.defaultCall(CallSiteArray.java:48)
	at org.codehaus.groovy.runtime.callsite.AbstractCallSite.call(AbstractCallSite.java:113)
	at org.codehaus.groovy.runtime.callsite.AbstractCallSite.call(AbstractCallSite.java:133)
	at io.restassured.internal.ResponseSpecificationImpl$HamcrestAssertionClosure.validateStatusCodeAndStatusLine(ResponseSpecificationImpl.groovy:536)
	at sun.reflect.NativeMethodAccessorImpl.invoke0(Native Method)
	at sun.reflect.NativeMethodAccessorImpl.invoke(Unknown Source)
	at sun.reflect.DelegatingMethodAccessorImpl.invoke(Unknown Source)
	at java.lang.reflect.Method.invoke(Unknown Source)
	at org.codehaus.groovy.runtime.callsite.PogoMetaMethodSite$PogoCachedMethodSiteNoUnwrapNoCoerce.invoke(PogoMetaMethodSite.java:210)
	at org.codehaus.groovy.runtime.callsite.PogoMetaMethodSite.callCurrent(PogoMetaMethodSite.java:59)
	at org.codehaus.groovy.runtime.callsite.AbstractCallSite.callCurrent(AbstractCallSite.java:166)
	at io.restassured.internal.ResponseSpecificationImpl$HamcrestAssertionClosure.validate(ResponseSpecificationImpl.groovy:449)
	at io.restassured.internal.ResponseSpecificationImpl$HamcrestAssertionClosure$validate$1.call(Unknown Source)
	at io.restassured.internal.ResponseSpecificationImpl.validateResponseIfRequired(ResponseSpecificationImpl.groovy:643)
	at sun.reflect.NativeMethodAccessorImpl.invoke0(Native Method)
	at sun.reflect.NativeMethodAccessorImpl.invoke(Unknown Source)
	at sun.reflect.DelegatingMethodAccessorImpl.invoke(Unknown Source)
	at java.lang.reflect.Method.invoke(Unknown Source)
	at org.codehaus.groovy.runtime.callsite.PogoMetaMethodSite$PogoCachedMethodSiteNoUnwrapNoCoerce.invoke(PogoMetaMethodSite.java:210)
	at org.codehaus.groovy.runtime.callsite.PogoMetaMethodSite.callCurrent(PogoMetaMethodSite.java:59)
	at org.codehaus.groovy.runtime.callsite.AbstractCallSite.callCurrent(AbstractCallSite.java:166)
	at io.restassured.internal.ResponseSpecificationImpl.statusCode(ResponseSpecificationImpl.groovy:122)
	at io.restassured.specification.ResponseSpecification$statusCode$0.callCurrent(Unknown Source)
	at io.restassured.internal.ResponseSpecificationImpl.statusCode(ResponseSpecificationImpl.groovy:130)
	at io.restassured.internal.ValidatableResponseOptionsImpl.statusCode(ValidatableResponseOptionsImpl.java:117)
	at pcs.api.Api_Param.Get_With_Param(Api_Param.java:124)
	at sun.reflect.NativeMethodAccessorImpl.invoke0(Native Method)
	at sun.reflect.NativeMethodAccessorImpl.invoke(Unknown Source)
	at sun.reflect.DelegatingMethodAccessorImpl.invoke(Unknown Source)
	at java.lang.reflect.Method.invoke(Unknown Source)
	at org.testng.internal.MethodInvocationHelper.invokeMethod(MethodInvocationHelper.java:85)
	at org.testng.internal.Invoker.invokeMethod(Invoker.java:639)
	at org.testng.internal.Invoker.invokeTestMethod(Invoker.java:816)
	at org.testng.internal.Invoker.invokeTestMethods(Invoker.java:1124)
	at org.testng.internal.TestMethodWorker.invokeTestMethods(TestMethodWorker.java:125)
	at org.testng.internal.TestMethodWorker.run(TestMethodWorker.java:108)
	at org.testng.TestRunner.privateRun(TestRunner.java:774)
	at org.testng.TestRunner.run(TestRunner.java:624)
	at org.testng.SuiteRunner.runTest(SuiteRunner.java:359)
	at org.testng.SuiteRunner.runSequentially(SuiteRunner.java:354)
	at org.testng.SuiteRunner.privateRun(SuiteRunner.java:312)
	at org.testng.SuiteRunner.run(SuiteRunner.java:261)
	at org.testng.SuiteRunnerWorker.runSuite(SuiteRunnerWorker.java:52)
	at org.testng.SuiteRunnerWorker.run(SuiteRunnerWorker.java:86)
	at org.testng.TestNG.runSuitesSequentially(TestNG.java:1215)
	at org.testng.TestNG.runSuitesLocally(TestNG.java:1140)
	at org.testng.TestNG.run(TestNG.java:1048)
	at org.testng.remote.AbstractRemoteTestNG.run(AbstractRemoteTestNG.java:132)
	at org.testng.remote.RemoteTestNG.initAndRun(RemoteTestNG.java:236)
	at org.testng.remote.RemoteTestNG.main(RemoteTestNG.java:81)
]]>
            </full-stacktrace>
          </exception> <!-- java.lang.NoSuchMethodError -->
          <reporter-output>
          </reporter-output>
        </test-method> <!-- Get_With_Param -->
        <test-method status="PASS" signature="getResult(org.testng.ITestResult)[pri:0, instance:pcs.api.Api_Param@42a311]" name="getResult" is-config="true" duration-ms="1" started-at="2017-10-12T07:36:33Z" finished-at="2017-10-12T07:36:33Z">
          <params>
            <param index="0">
              <value>
                <![CDATA[[TestResult name=Get_With_Param status=FAILURE method=Api_Param.Get_With_Param(java.lang.String, java.lang.String, java.lang.String, java.lang.String, java.lang.String, java.lang.String, java.lang.String, java.lang.String, int)[pri:2, instance:pcs.api.Api_Param@42a311] output={null}]]]>
              </value>
            </param>
          </params>
          <reporter-output>
          </reporter-output>
        </test-method> <!-- getResult -->
        <test-method status="PASS" signature="Get_With_Param(java.lang.String, java.lang.String, java.lang.String, java.lang.String, java.lang.String, java.lang.String, java.lang.String, java.lang.String, int)[pri:2, instance:pcs.api.Api_Param@42a311]" name="Get_With_Param" duration-ms="378" started-at="2017-10-12T07:36:33Z" data-provider="apitestdata" finished-at="2017-10-12T07:36:34Z">
          <params>
            <param index="0">
              <value>
                <![CDATA[t]]>
              </value>
            </param>
            <param index="1">
              <value>
                <![CDATA[Spiderman]]>
              </value>
            </param>
            <param index="2">
              <value>
                <![CDATA[]]>
              </value>
            </param>
            <param index="3">
              <value>
                <![CDATA[ ]]>
              </value>
            </param>
            <param index="4">
              <value>
                <![CDATA[]]>
              </value>
            </param>
            <param index="5">
              <value>
                <![CDATA[]]>
              </value>
            </param>
            <param index="6">
              <value>
                <![CDATA[]]>
              </value>
            </param>
            <param index="7">
              <value>
                <![CDATA[]]>
              </value>
            </param>
            <param index="8">
              <value>
                <![CDATA[200]]>
              </value>
            </param>
          </params>
          <reporter-output>
          </reporter-output>
        </test-method> <!-- Get_With_Param -->
        <test-method status="FAIL" signature="Get_With_Param(java.lang.String, java.lang.String, java.lang.String, java.lang.String, java.lang.String, java.lang.String, java.lang.String, java.lang.String, int)[pri:2, instance:pcs.api.Api_Param@42a311]" name="Get_With_Param" duration-ms="229" started-at="2017-10-12T07:36:34Z" data-provider="apitestdata" finished-at="2017-10-12T07:36:34Z">
          <params>
            <param index="0">
              <value>
                <![CDATA[]]>
              </value>
            </param>
            <param index="1">
              <value>
                <![CDATA[]]>
              </value>
            </param>
            <param index="2">
              <value>
                <![CDATA[y]]>
              </value>
            </param>
            <param index="3">
              <value>
                <![CDATA[ ]]>
              </value>
            </param>
            <param index="4">
              <value>
                <![CDATA[]]>
              </value>
            </param>
            <param index="5">
              <value>
                <![CDATA[]]>
              </value>
            </param>
            <param index="6">
              <value>
                <![CDATA[]]>
              </value>
            </param>
            <param index="7">
              <value>
                <![CDATA[]]>
              </value>
            </param>
            <param index="8">
              <value>
                <![CDATA[400]]>
              </value>
            </param>
          </params>
          <exception class="java.lang.NoSuchMethodError">
            <message>
              <![CDATA[org.hamcrest.Matcher.describeMismatch(Ljava/lang/Object;Lorg/hamcrest/Description;)V]]>
            </message>
            <full-stacktrace>
              <![CDATA[java.lang.NoSuchMethodError: org.hamcrest.Matcher.describeMismatch(Ljava/lang/Object;Lorg/hamcrest/Description;)V
	at io.restassured.internal.util.MatcherErrorMessageBuilder.buildError(MatcherErrorMessageBuilder.java:19)
	at io.restassured.internal.util.MatcherErrorMessageBuilder$buildError.call(Unknown Source)
	at io.restassured.internal.ResponseSpecificationImpl$HamcrestAssertionClosure.validateStatusCodeAndStatusLine(ResponseSpecificationImpl.groovy:536)
	at sun.reflect.NativeMethodAccessorImpl.invoke0(Native Method)
	at sun.reflect.NativeMethodAccessorImpl.invoke(Unknown Source)
	at sun.reflect.DelegatingMethodAccessorImpl.invoke(Unknown Source)
	at java.lang.reflect.Method.invoke(Unknown Source)
	at org.codehaus.groovy.runtime.callsite.PogoMetaMethodSite$PogoCachedMethodSiteNoUnwrapNoCoerce.invoke(PogoMetaMethodSite.java:210)
	at org.codehaus.groovy.runtime.callsite.PogoMetaMethodSite.callCurrent(PogoMetaMethodSite.java:59)
	at org.codehaus.groovy.runtime.callsite.AbstractCallSite.callCurrent(AbstractCallSite.java:166)
	at io.restassured.internal.ResponseSpecificationImpl$HamcrestAssertionClosure.validate(ResponseSpecificationImpl.groovy:449)
	at io.restassured.internal.ResponseSpecificationImpl$HamcrestAssertionClosure$validate$1.call(Unknown Source)
	at io.restassured.internal.ResponseSpecificationImpl.validateResponseIfRequired(ResponseSpecificationImpl.groovy:643)
	at sun.reflect.NativeMethodAccessorImpl.invoke0(Native Method)
	at sun.reflect.NativeMethodAccessorImpl.invoke(Unknown Source)
	at sun.reflect.DelegatingMethodAccessorImpl.invoke(Unknown Source)
	at java.lang.reflect.Method.invoke(Unknown Source)
	at org.codehaus.groovy.runtime.callsite.PogoMetaMethodSite$PogoCachedMethodSiteNoUnwrapNoCoerce.invoke(PogoMetaMethodSite.java:210)
	at org.codehaus.groovy.runtime.callsite.PogoMetaMethodSite.callCurrent(PogoMetaMethodSite.java:59)
	at org.codehaus.groovy.runtime.callsite.AbstractCallSite.callCurrent(AbstractCallSite.java:166)
	at io.restassured.internal.ResponseSpecificationImpl.statusCode(ResponseSpecificationImpl.groovy:122)
	at io.restassured.specification.ResponseSpecification$statusCode$0.callCurrent(Unknown Source)
	at io.restassured.internal.ResponseSpecificationImpl.statusCode(ResponseSpecificationImpl.groovy:130)
	at io.restassured.internal.ValidatableResponseOptionsImpl.statusCode(ValidatableResponseOptionsImpl.java:117)
	at pcs.api.Api_Param.Get_With_Param(Api_Param.java:124)
	at sun.reflect.NativeMethodAccessorImpl.invoke0(Native Method)
	at sun.reflect.NativeMethodAccessorImpl.invoke(Unknown Source)
	at sun.reflect.DelegatingMethodAccessorImpl.invoke(Unknown Source)
	at java.lang.reflect.Method.invoke(Unknown Source)
	at org.testng.internal.MethodInvocationHelper.invokeMethod(MethodInvocationHelper.java:85)
	at org.testng.internal.Invoker.invokeMethod(Invoker.java:639)
	at org.testng.internal.Invoker.invokeTestMethod(Invoker.java:816)
	at org.testng.internal.Invoker.invokeTestMethods(Invoker.java:1124)
	at org.testng.internal.TestMethodWorker.invokeTestMethods(TestMethodWorker.java:125)
	at org.testng.internal.TestMethodWorker.run(TestMethodWorker.java:108)
	at org.testng.TestRunner.privateRun(TestRunner.java:774)
	at org.testng.TestRunner.run(TestRunner.java:624)
	at org.testng.SuiteRunner.runTest(SuiteRunner.java:359)
	at org.testng.SuiteRunner.runSequentially(SuiteRunner.java:354)
	at org.testng.SuiteRunner.privateRun(SuiteRunner.java:312)
	at org.testng.SuiteRunner.run(SuiteRunner.java:261)
	at org.testng.SuiteRunnerWorker.runSuite(SuiteRunnerWorker.java:52)
	at org.testng.SuiteRunnerWorker.run(SuiteRunnerWorker.java:86)
	at org.testng.TestNG.runSuitesSequentially(TestNG.java:1215)
	at org.testng.TestNG.runSuitesLocally(TestNG.java:1140)
	at org.testng.TestNG.run(TestNG.java:1048)
	at org.testng.remote.AbstractRemoteTestNG.run(AbstractRemoteTestNG.java:132)
	at org.testng.remote.RemoteTestNG.initAndRun(RemoteTestNG.java:236)
	at org.testng.remote.RemoteTestNG.main(RemoteTestNG.java:81)
]]>
            </full-stacktrace>
          </exception> <!-- java.lang.NoSuchMethodError -->
          <reporter-output>
          </reporter-output>
        </test-method> <!-- Get_With_Param -->
        <test-method status="PASS" signature="getResult(org.testng.ITestResult)[pri:0, instance:pcs.api.Api_Param@42a311]" name="getResult" is-config="true" duration-ms="0" started-at="2017-10-12T07:36:34Z" finished-at="2017-10-12T07:36:34Z">
          <params>
            <param index="0">
              <value>
                <![CDATA[[TestResult name=Get_With_Param status=SUCCESS method=Api_Param.Get_With_Param(java.lang.String, java.lang.String, java.lang.String, java.lang.String, java.lang.String, java.lang.String, java.lang.String, java.lang.String, int)[pri:2, instance:pcs.api.Api_Param@42a311] output={null}]]]>
              </value>
            </param>
          </params>
          <reporter-output>
          </reporter-output>
        </test-method> <!-- getResult -->
        <test-method status="PASS" signature="getResult(org.testng.ITestResult)[pri:0, instance:pcs.api.Api_Param@42a311]" name="getResult" is-config="true" duration-ms="2" started-at="2017-10-12T07:36:34Z" finished-at="2017-10-12T07:36:34Z">
          <params>
            <param index="0">
              <value>
                <![CDATA[[TestResult name=Get_With_Param status=FAILURE method=Api_Param.Get_With_Param(java.lang.String, java.lang.String, java.lang.String, java.lang.String, java.lang.String, java.lang.String, java.lang.String, java.lang.String, int)[pri:2, instance:pcs.api.Api_Param@42a311] output={null}]]]>
              </value>
            </param>
          </params>
          <reporter-output>
          </reporter-output>
        </test-method> <!-- getResult -->
        <test-method status="PASS" signature="Get_With_Param(java.lang.String, java.lang.String, java.lang.String, java.lang.String, java.lang.String, java.lang.String, java.lang.String, java.lang.String, int)[pri:2, instance:pcs.api.Api_Param@42a311]" name="Get_With_Param" duration-ms="396" started-at="2017-10-12T07:36:34Z" data-provider="apitestdata" finished-at="2017-10-12T07:36:34Z">
          <params>
            <param index="0">
              <value>
                <![CDATA[]]>
              </value>
            </param>
            <param index="1">
              <value>
                <![CDATA[]]>
              </value>
            </param>
            <param index="2">
              <value>
                <![CDATA[]]>
              </value>
            </param>
            <param index="3">
              <value>
                <![CDATA[ ]]>
              </value>
            </param>
            <param index="4">
              <value>
                <![CDATA[plot]]>
              </value>
            </param>
            <param index="5">
              <value>
                <![CDATA[short]]>
              </value>
            </param>
            <param index="6">
              <value>
                <![CDATA[]]>
              </value>
            </param>
            <param index="7">
              <value>
                <![CDATA[]]>
              </value>
            </param>
            <param index="8">
              <value>
                <![CDATA[200]]>
              </value>
            </param>
          </params>
          <reporter-output>
          </reporter-output>
        </test-method> <!-- Get_With_Param -->
        <test-method status="PASS" signature="getResult(org.testng.ITestResult)[pri:0, instance:pcs.api.Api_Param@42a311]" name="getResult" is-config="true" duration-ms="1" started-at="2017-10-12T07:36:34Z" finished-at="2017-10-12T07:36:34Z">
          <params>
            <param index="0">
              <value>
                <![CDATA[[TestResult name=Get_With_Param status=SUCCESS method=Api_Param.Get_With_Param(java.lang.String, java.lang.String, java.lang.String, java.lang.String, java.lang.String, java.lang.String, java.lang.String, java.lang.String, int)[pri:2, instance:pcs.api.Api_Param@42a311] output={null}]]]>
              </value>
            </param>
          </params>
          <reporter-output>
          </reporter-output>
        </test-method> <!-- getResult -->
        <test-method status="PASS" signature="Get_With_Param(java.lang.String, java.lang.String, java.lang.String, java.lang.String, java.lang.String, java.lang.String, java.lang.String, java.lang.String, int)[pri:2, instance:pcs.api.Api_Param@42a311]" name="Get_With_Param" duration-ms="446" started-at="2017-10-12T07:36:34Z" data-provider="apitestdata" finished-at="2017-10-12T07:36:35Z">
          <params>
            <param index="0">
              <value>
                <![CDATA[]]>
              </value>
            </param>
            <param index="1">
              <value>
                <![CDATA[]]>
              </value>
            </param>
            <param index="2">
              <value>
                <![CDATA[]]>
              </value>
            </param>
            <param index="3">
              <value>
                <![CDATA[ ]]>
              </value>
            </param>
            <param index="4">
              <value>
                <![CDATA[]]>
              </value>
            </param>
            <param index="5">
              <value>
                <![CDATA[]]>
              </value>
            </param>
            <param index="6">
              <value>
                <![CDATA[r]]>
              </value>
            </param>
            <param index="7">
              <value>
                <![CDATA[json]]>
              </value>
            </param>
            <param index="8">
              <value>
                <![CDATA[200]]>
              </value>
            </param>
          </params>
          <reporter-output>
          </reporter-output>
        </test-method> <!-- Get_With_Param -->
        <test-method status="PASS" signature="getResult(org.testng.ITestResult)[pri:0, instance:pcs.api.Api_Param@42a311]" name="getResult" is-config="true" duration-ms="1" started-at="2017-10-12T07:36:35Z" finished-at="2017-10-12T07:36:35Z">
          <params>
            <param index="0">
              <value>
                <![CDATA[[TestResult name=Get_With_Param status=SUCCESS method=Api_Param.Get_With_Param(java.lang.String, java.lang.String, java.lang.String, java.lang.String, java.lang.String, java.lang.String, java.lang.String, java.lang.String, int)[pri:2, instance:pcs.api.Api_Param@42a311] output={null}]]]>
              </value>
            </param>
          </params>
          <reporter-output>
          </reporter-output>
        </test-method> <!-- getResult -->
        <test-method status="PASS" signature="closeDriver()[pri:0, instance:pcs.api.Api_Param@42a311]" name="closeDriver" is-config="true" duration-ms="193" started-at="2017-10-12T07:36:35Z" finished-at="2017-10-12T07:36:35Z">
          <reporter-output>
          </reporter-output>
        </test-method> <!-- closeDriver -->
      </class> <!-- pcs.api.Api_Param -->
    </test> <!-- API_Test -->
  </suite> <!-- PCS_Test_Suite -->
</testng-results>
