<?xml version="1.0" encoding="UTF-8"?>
<!-- Generated by org.testng.reporters.JUnitXMLReporter -->
<testsuite hostname="DESKTOP-0OUENT3" name="LoginTest" tests="2" failures="1" timestamp="11 Oct 2017 08:27:46 GMT" time="1.856" errors="0">
  <testcase name="@BeforeTest setUp" time="0.0" classname="pcs.pom.testSuites.Login_TestSuite">
    <failure type="org.testng.TestNGException" message="
Parameter &amp;apos;browser&amp;apos; is required by @Configuration on method setUp but has not been marked @Optional or defined
in D:\workspace\PCS_Test\testng_testsuite_xml\testng.xml">
      <![CDATA[org.testng.TestNGException: 
Parameter 'browser' is required by @Configuration on method setUp but has not been marked @Optional or defined
in D:\workspace\PCS_Test\testng_testsuite_xml\testng.xml
... Removed 19 stack frames]]>
    </failure>
  </testcase> <!-- @BeforeTest setUp -->
  <testcase name="@AfterMethod getResult" time="0.0" classname="pcs.pom.testSuites.Login_TestSuite">
    <skipped/>
  </testcase> <!-- @AfterMethod getResult -->
  <testcase name="@AfterTest closeDriver" time="0.0" classname="pcs.pom.testSuites.Login_TestSuite">
    <skipped/>
  </testcase> <!-- @AfterTest closeDriver -->
  <testcase name="Login_Test" time="0.01" classname="pcs.pom.testSuites.Login_TestSuite">
    <skipped/>
  </testcase> <!-- Login_Test -->
  <testcase name="Site_Status_Check" time="0.059" classname="pcs.pom.testSuites.Login_TestSuite">
    <failure type="org.testng.TestNGException" message="
The data provider is trying to pass 3 parameters but the method pcs.pom.testSuites.Login_TestSuite#Site_Status_Check takes 1">
      <![CDATA[org.testng.TestNGException: 
The data provider is trying to pass 3 parameters but the method pcs.pom.testSuites.Login_TestSuite#Site_Status_Check takes 1
... Removed 18 stack frames]]>
    </failure>
  </testcase> <!-- Site_Status_Check -->
</testsuite> <!-- LoginTest -->
